6 mean:76.774089 max:0.594707
(0.366054,)
12 mean:76.681774 max:0.585941
(0.370165,)
18 mean:76.642087 max:0.581479
(0.371912,)
24 mean:76.622101 max:0.579635
(0.372802,)
30 mean:76.609255 max:0.578697
(0.373446,)
36 mean:76.598788 max:0.578243
(0.374075,)
42 mean:76.588289 max:0.578108
(0.374798,)
48 mean:76.576065 max:0.578239
(0.375681,)
54 mean:76.560771 max:0.578624
(0.376761,)
60 mean:76.541434 max:0.579255
(0.378071,)
66 mean:76.517183 max:0.580129
(0.379661,)
72 mean:76.486941 max:0.581263
(0.381619,)
78 mean:76.449737 max:0.582705
(0.384049,)
84 mean:76.405458 max:0.584490
(0.387048,)
90 mean:76.355487 max:0.586594
(0.390645,)
96 mean:76.302677 max:0.588892
(0.394724,)
102 mean:76.250270 max:0.591185
(0.398978,)
108 mean:76.200288 max:0.593285
(0.402962,)
114 mean:76.152697 max:0.595103
(0.406252,)
120 mean:76.105932 max:0.596673
(0.408589,)
126 mean:76.057944 max:0.598118
(0.40991,)
132 mean:76.006628 max:0.599598
(0.410176,)
138 mean:75.949611 max:0.601238
(0.409105,)
144 mean:75.884240 max:0.603095
(0.406163,)
150 mean:75.807727 max:0.605177
(0.400956,)
156 mean:75.716364 max:0.607462
(0.393666,)
162 mean:75.602089 max:0.612290
(0.385112,)
168 mean:75.447001 max:0.618346
(0.376082,)
174 mean:75.227047 max:0.625796
(0.366495,)
180 mean:74.934269 max:0.635721
(0.35617,)
186 mean:74.592256 max:0.644719
(0.345836,)
192 mean:74.217101 max:0.652157
(0.33627,)
198 mean:73.784605 max:0.658633
(0.327056,)
204 mean:73.260197 max:0.665277
(0.317018,)
210 mean:72.643488 max:0.672282
(0.307189,)
216 mean:72.066425 max:0.678329
(0.297237,)
222 mean:71.550528 max:0.682577
(0.289695,)
228 mean:71.134042 max:0.684800
(0.285473,)
234 mean:70.828763 max:0.684318
(0.284137,)
240 mean:70.421370 max:0.684617
(0.282835,)
246 mean:69.962044 max:0.685573
(0.281153,)
252 mean:69.445126 max:0.687440
(0.279385,)
258 mean:68.925602 max:0.691393
(0.277429,)
264 mean:68.730468 max:0.693911
(0.277855,)
270 mean:68.862734 max:0.692591
(0.284731,)
276 mean:68.399778 max:0.699221
(0.278683,)
282 mean:67.932254 max:0.701438
(0.273823,)
288 mean:67.449985 max:0.701769
(0.271137,)
294 mean:66.964723 max:0.701832
(0.269202,)
300 mean:66.258582 max:0.701479
(0.266684,)
306 mean:65.506905 max:0.701576
(0.26363,)
312 mean:76.639292 max:0.578149
(0.368394,)
318 mean:76.624410 max:0.577370
(0.368472,)
324 mean:76.617511 max:0.576869
(0.368524,)
330 mean:76.612991 max:0.576501
(0.368566,)
336 mean:76.609700 max:0.576216
(0.368601,)
342 mean:76.607158 max:0.575987
(0.368631,)
348 mean:76.605112 max:0.575798
(0.368657,)
354 mean:76.603408 max:0.575639
(0.36868,)
360 mean:76.601948 max:0.575503
(0.3687,)
366 mean:76.600665 max:0.575385
(0.368717,)
372 mean:76.599510 max:0.575282
(0.368732,)
378 mean:76.598448 max:0.575191
(0.368746,)
384 mean:76.597450 max:0.575110
(0.368758,)
390 mean:76.596493 max:0.575037
(0.36877,)
396 mean:76.595558 max:0.574972
(0.36878,)
402 mean:76.594628 max:0.574912
(0.368789,)
408 mean:76.593687 max:0.574857
(0.368798,)
414 mean:76.592718 max:0.574806
(0.368806,)
420 mean:76.591706 max:0.574759
(0.368814,)
426 mean:76.590631 max:0.574714
(0.368822,)
432 mean:76.589475 max:0.574672
(0.36883,)
438 mean:76.588214 max:0.574631
(0.368838,)
444 mean:76.586820 max:0.574591
(0.368847,)
450 mean:76.585257 max:0.574551
(0.368857,)
456 mean:76.583483 max:0.574511
(0.368868,)
462 mean:76.581441 max:0.574469
(0.368882,)
468 mean:76.579055 max:0.574424
(0.368898,)
474 mean:76.576227 max:0.574376
(0.368919,)
480 mean:76.572816 max:0.574321
(0.368946,)
486 mean:76.568627 max:0.574256
(0.368983,)
492 mean:76.563373 max:0.574177
(0.369033,)
498 mean:76.556625 max:0.574074
(0.369105,)
504 mean:76.547717 max:0.573935
(0.369213,)
510 mean:76.535573 max:0.574072
(0.36938,)
516 mean:76.518396 max:0.574895
(0.369652,)
522 mean:76.493066 max:0.577261
(0.370122,)
528 mean:76.454099 max:0.582144
(0.370986,)
534 mean:76.392249 max:0.590872
(0.372641,)
540 mean:76.294118 max:0.606537
(0.375696,)
546 mean:76.140269 max:0.632712
(0.380235,)
552 mean:75.870763 max:0.673590
(0.383818,)
558 mean:75.403567 max:0.723466
(0.38708,)
564 mean:74.772971 max:0.755601
(0.399338,)
570 mean:74.051167 max:0.773067
(0.407302,)
576 mean:73.180549 max:0.784767
(0.407981,)
582 mean:72.040603 max:0.792685
(0.400745,)
588 mean:70.530354 max:0.796356
(0.369363,)
594 mean:68.872080 max:0.794572
(0.326446,)
600 mean:67.318284 max:0.784291
(0.284012,)
606 mean:65.970052 max:0.796010
(0.253249,)
612 mean:64.640328 max:0.800761
(0.255276,)
618 mean:63.264566 max:0.811307
(0.268961,)
624 mean:62.048842 max:0.824781
(0.290588,)
630 mean:61.159371 max:0.816704
(0.281693,)
636 mean:58.567758 max:0.833505
(0.288587,)
642 mean:56.489786 max:0.837455
(0.275793,)
648 mean:56.941439 max:0.852758
(0.205991,)
654 mean:52.191235 max:0.893762
(0.146049,)
660 mean:53.354590 max:0.905871
(0.0775177,)
666 mean:44.374926 max:0.913602
(0.0552876,)
672 mean:40.870083 max:0.919890
(0.0482668,)
678 mean:41.430806 max:0.932723
(0.0462962,)
684 mean:38.240610 max:0.938551
(0.0383194,)
690 mean:29.819233 max:0.943878
(0.0381754,)
696 mean:27.811407 max:0.927405
(0.0460829,)
702 mean:33.342040 max:0.936153
(0.0474102,)
708 mean:30.035485 max:0.919824
(0.0499369,)
714 mean:35.897920 max:0.920897
(0.0513388,)
720 mean:25.231243 max:0.921263
(0.054505,)
726 mean:30.787865 max:0.935801
(0.0482108,)
732 mean:19.558230 max:0.937416
(0.0386167,)
738 mean:11.855949 max:0.946611
(0.035537,)
744 mean:25.252267 max:0.963785
(0.0250071,)
750 mean:27.942890 max:0.963233
(0.0537491,)
756 mean:9.007525 max:0.957953
(0.0327481,)
762 mean:16.911023 max:0.952569
(0.0464706,)
768 mean:5.261672 max:0.953917
(0.0305729,)
Training Done Error 4.492845 
Total steps : 769


Training Done!
Generating validation inputs 


Accuracy  on Trained % is : 98
Accuracy  % is : 93
	Layer ID 4 
		Neuron ID , del (26 ,  -0.000897) 
		Output Weights 
		Input Weights 0: -4.120617 1: -8.027432 2: 2.386333 
		 Output 0.972118 
 
 

	Layer ID 3 
		Neuron ID , del (18 ,  0.000376) 
		Output Weights 0: -8.027432 
		Input Weights 0: -5.189141 1: -3.238000 2: -5.051547 3: 5.928841 4: 0.944667 5: 6.326960 6: -7.846671 
		 Output 0.070902 
 
 		Neuron ID , del (19 ,  -0.000000) 
		Output Weights 0: 2.386333 
		Input Weights 0: 0.381266 1: -2.140969 2: -1.923122 3: -0.299939 4: 4.170913 5: -0.084658 6: -8.198597 
		 Output 0.000012 
 
 

	Layer ID 2 
		Neuron ID , del (12 ,  -0.000032) 
		Output Weights 0: -3.238000 1: -2.140969 
		Input Weights 0: 2.624329 1: 1.362952 2: 2.001154 3: -2.852744 4: 0.489657 5: 0.342850 6: 1.247894 7: -2.910806 8: -4.087148 9: -1.721032 10: -3.987467 11: 3.324955 12: -1.401658 
		 Output 0.740128 
 
 		Neuron ID , del (13 ,  -0.000002) 
		Output Weights 0: -5.051547 1: -1.923122 
		Input Weights 0: 5.092094 1: 1.176126 2: 1.225461 3: -0.942936 4: 2.694737 5: 1.883101 6: 1.525645 7: -4.553625 8: -4.840345 9: -1.795189 10: -5.041961 11: 4.919145 12: -4.390975 
		 Output 0.865356 
 
 		Neuron ID , del (14 ,  0.000044) 
		Output Weights 0: 5.928841 1: -0.299939 
		Input Weights 0: -2.580906 1: 0.767742 2: -4.420539 3: 3.027313 4: -2.267279 5: -3.579679 6: -0.461818 7: 1.414453 8: 0.281090 9: 3.618243 10: 0.632502 11: -5.244747 12: 2.193549 
		 Output 0.000557 
 
 		Neuron ID , del (15 ,  0.000008) 
		Output Weights 0: 0.944667 1: 4.170913 
		Input Weights 0: 1.617979 1: 2.095413 2: 0.805776 3: 0.226252 4: -1.249820 5: -2.580703 6: -0.492365 7: 0.664187 8: -0.606349 9: -1.664990 10: -2.064771 11: -2.634668 12: 0.870772 
		 Output 0.008216 
 
 		Neuron ID , del (16 ,  0.000285) 
		Output Weights 0: 6.326960 1: -0.084658 
		Input Weights 0: -3.237203 1: 3.403617 2: 5.790567 3: -4.455980 4: -2.674951 5: -0.548816 6: 1.686094 7: -3.170212 8: -2.804807 9: -6.359145 10: -2.651812 11: 5.619134 12: -1.573739 
		 Output 0.999956 
 
 		Neuron ID , del (17 ,  -0.000000) 
		Output Weights 0: -7.846671 1: -8.198597 
		Input Weights 0: -5.214525 1: -2.495744 2: -1.678809 3: 5.811006 4: 2.588502 5: -1.326119 6: -1.880936 7: 5.787274 8: 5.445387 9: 3.682594 10: 7.504042 11: -4.315688 12: -0.349153 
		 Output 0.934393 
 
 

	Layer ID 1 
		Neuron ID , del (0 ,  0.000000) 
		Output Weights 0: 1.362952 1: 1.176126 2: 0.767742 3: 2.095413 4: 3.403617 5: -2.495744 
		Input Weights 0: 0.987526 1: 2.552427 2: 2.101917 3: 5.203612 4: -7.933658 5: 1.405276 6: -1.637745 
		 Output 0.991255 
 
 		Neuron ID , del (1 ,  0.000000) 
		Output Weights 0: 2.001154 1: 1.225461 2: -4.420539 3: 0.805776 4: 5.790567 5: -1.678809 
		Input Weights 0: 1.334537 1: 4.483423 2: 0.038996 3: 6.665252 4: 0.876806 5: 0.029781 6: -10.219450 
		 Output 0.999997 
 
 		Neuron ID , del (2 ,  -0.000207) 
		Output Weights 0: -2.852744 1: -0.942936 2: 3.027313 3: 0.226252 4: -4.455980 5: 5.811006 
		Input Weights 0: -1.048304 1: 0.059856 2: 1.520261 3: 0.862145 4: 0.012826 5: -8.528841 6: 3.907210 
		 Output 0.945685 
 
 		Neuron ID , del (3 ,  -0.000030) 
		Output Weights 0: 0.489657 1: 2.694737 2: -2.267279 3: -1.249820 4: -2.674951 5: 2.588502 
		Input Weights 0: 3.885327 1: 4.188428 2: 1.064161 3: 5.047883 4: -4.561119 5: 0.844392 6: 1.360657 
		 Output 0.999981 
 
 		Neuron ID , del (4 ,  -0.000000) 
		Output Weights 0: 0.342850 1: 1.883101 2: -3.579679 3: -2.580703 4: -0.548816 5: -1.326119 
		Input Weights 0: 3.713261 1: 5.115274 2: -1.776067 3: 4.319095 4: -1.506165 5: -1.235032 6: 0.741170 
		 Output 0.998205 
 
 		Neuron ID , del (5 ,  0.000000) 
		Output Weights 0: 1.247894 1: 1.525645 2: -0.461818 3: -0.492365 4: 1.686094 5: -1.880936 
		Input Weights 0: 1.244992 1: 1.095031 2: 1.138447 3: 1.936330 4: 3.563521 5: -4.638292 6: 0.421349 
		 Output 0.999986 
 
 		Neuron ID , del (6 ,  -0.000007) 
		Output Weights 0: -2.910806 1: -4.553625 2: 1.414453 3: 0.664187 4: -3.170212 5: 5.787274 
		Input Weights 0: 0.899410 1: 6.838837 2: -1.528648 3: -7.265937 4: -2.025755 5: -0.977798 6: 0.844852 
		 Output 0.000027 
 
 		Neuron ID , del (7 ,  -0.000000) 
		Output Weights 0: -4.087148 1: -4.840345 2: 0.281090 3: -0.606349 4: -2.804807 5: 5.445387 
		Input Weights 0: -3.298129 1: -1.149875 2: 0.030238 3: -0.802488 4: -5.744342 5: -0.610504 6: 11.309723 
		 Output 0.213266 
 
 		Neuron ID , del (8 ,  -0.000000) 
		Output Weights 0: -1.721032 1: -1.795189 2: 3.618243 3: -1.664990 4: -6.359145 5: 3.682594 
		Input Weights 0: -2.170589 1: -1.952759 2: 0.895136 3: -1.136147 4: -7.408074 5: -0.114268 6: 7.102594 
		 Output 0.000106 
 
 		Neuron ID , del (9 ,  -0.000018) 
		Output Weights 0: -3.987467 1: -5.041961 2: 0.632502 3: -2.064771 4: -2.651812 5: 7.504042 
		Input Weights 0: -6.160485 1: -4.963966 2: -0.463094 3: -4.845139 4: -0.750502 5: -0.357328 6: 13.195625 
		 Output 0.029037 
 
 		Neuron ID , del (10 ,  0.000041) 
		Output Weights 0: 3.324955 1: 4.919145 2: -5.244747 3: -2.634668 4: 5.619134 5: -4.315688 
		Input Weights 0: 2.266362 1: -0.927343 2: 9.927377 3: -1.522932 4: -1.134297 5: -0.299095 6: -2.984992 
		 Output 1.000000 
 
 		Neuron ID , del (11 ,  -0.000011) 
		Output Weights 0: -1.401658 1: -4.390975 2: 2.193549 3: 0.870772 4: -1.573739 5: -0.349153 
		Input Weights 0: 0.959097 1: 0.870721 2: 1.674210 3: 2.619124 4: 1.199493 5: -7.780654 6: 1.383395 
		 Output 0.999129 
 
 

	Layer ID 0 
		Neuron ID , del (20 ,  0.000875) 
		Output Weights 0: 2.552427 1: 4.483423 2: 0.059856 3: 4.188428 4: 5.115274 5: 1.095031 6: 6.838837 7: -1.149875 8: -1.952759 9: -4.963966 10: -0.927343 11: 0.870721 
		Input Weights 0: 0.000000 
		 Output 2.000000 
 
 		Neuron ID , del (21 ,  0.000000) 
		Output Weights 0: 2.101917 1: 0.038996 2: 1.520261 3: 1.064161 4: -1.776067 5: 1.138447 6: -1.528648 7: 0.030238 8: 0.895136 9: -0.463094 10: 9.927377 11: 1.674210 
		Input Weights 0: 0.000000 
		 Output 3.000000 
 
 		Neuron ID , del (22 ,  0.000000) 
		Output Weights 0: 5.203612 1: 6.665252 2: 0.862145 3: 5.047883 4: 4.319095 5: 1.936330 6: -7.265937 7: -0.802488 8: -1.136147 9: -4.845139 10: -1.522932 11: 2.619124 
		Input Weights 0: 0.000000 
		 Output 2.000000 
 
 		Neuron ID , del (23 ,  -0.000628) 
		Output Weights 0: -7.933658 1: 0.876806 2: 0.012826 3: -4.561119 4: -1.506165 5: 3.563521 6: -2.025755 7: -5.744342 8: -7.408074 9: -0.750502 10: -1.134297 11: 1.199493 
		Input Weights 0: 0.000000 
		 Output 2.000000 
 
 		Neuron ID , del (24 ,  0.000000) 
		Output Weights 0: 1.405276 1: 0.029781 2: -8.528841 3: 0.844392 4: -1.235032 5: -4.638292 6: -0.977798 7: -0.610504 8: -0.114268 9: -0.357328 10: -0.299095 11: -7.780654 
		Input Weights 0: 0.000000 
		 Output 1.000000 
 
 		Neuron ID , del (25 ,  0.000000) 
		Output Weights 0: -1.637745 1: -10.219450 2: 3.907210 3: 1.360657 4: 0.741170 5: 0.421349 6: 0.844852 7: 11.309723 8: 7.102594 9: 13.195625 10: -2.984992 11: 1.383395 
		Input Weights 0: 0.000000 
		 Output 1.000000 
