Result : (0.00639848,0.99853,)Accuracy  % is : 84
	Layer ID 1 
		Neuron ID , del (531 ,  0.000012) 
		Output Weights 
		Input Weights 0: 3.204013 1: 5.678251 2: 0.806000 3: 0.164000 4: 0.285979 5: 0.188190 6: 0.490173 7: 2.097931 8: -0.354084 9: 0.811297 10: -0.132000 11: 0.602217 12: 2.560208 13: -1.287537 14: 0.503722 15: 0.334000 16: -0.846000 17: 1.094373 18: 3.994626 19: -0.356807 20: -0.446496 21: -2.254601 22: -0.372000 23: -0.412525 24: 0.247131 25: -0.294000 26: 0.024138 27: -2.580045 28: 0.222356 29: 0.671243 30: 3.476196 31: 1.643277 32: 0.950000 33: -0.349858 34: 1.547354 35: 0.576000 36: 0.064000 37: 0.460599 38: 5.597847 39: 0.938000 40: -1.110332 41: -0.776000 42: -0.062060 43: 2.519719 44: 0.513093 45: -0.486000 46: 0.519099 47: 2.344850 48: -0.122000 49: -0.294000 50: 2.238064 51: 0.270000 52: 0.381465 53: 2.375916 54: 3.745817 55: 0.511843 56: 3.113777 57: 2.360217 58: 4.514916 59: 2.369830 60: 0.439548 61: 2.585721 62: 1.349553 63: 2.609682 64: 0.518000 65: -0.814000 66: -0.420907 67: 0.594000 68: -0.251828 69: -0.848450 70: 0.832138 71: -1.333204 72: 0.619528 73: 0.746000 74: -0.186636 75: 1.856772 76: 0.935953 77: 0.705014 78: 0.797042 79: -0.546000 80: 2.770044 81: 1.162932 82: 0.677193 83: -0.162278 84: 3.311297 85: -0.576000 86: 0.225606 87: 2.162659 88: 0.030000 89: 0.012408 90: 1.055223 91: 0.935958 92: 2.334829 93: -0.889383 94: -0.070562 95: -0.984000 96: -2.449574 97: -3.681348 98: -1.195316 99: 5.347578 100: 0.815596 101: -1.506375 102: 1.829080 103: 2.929118 104: 0.238000 105: -1.805192 106: -0.421255 107: 0.164200 108: -0.274766 109: -0.834838 110: 2.495316 111: 1.803258 112: 0.670000 113: 6.176507 114: -0.023750 115: 3.255006 116: -0.401270 117: 0.871354 118: 1.484647 119: 0.896078 120: -0.100556 121: 0.264483 122: 0.896191 123: 5.345824 124: -0.203799 125: 0.442000 126: -0.790000 127: 0.320022 128: -2.209336 129: 2.765337 130: -0.846000 131: 0.498000 132: -0.016773 133: -1.313636 134: 3.142567 135: 0.052000 136: -2.565945 137: 1.510945 138: 2.308746 139: 0.624000 140: 0.502000 141: -0.648230 142: 3.987582 143: 0.706000 144: 0.082746 145: 4.005202 146: 0.545184 147: 0.542000 148: -0.410368 149: 1.535152 150: 0.379804 151: 0.060447 152: 0.130647 153: -3.311917 154: 0.842000 155: -0.192000 156: 1.395717 157: 0.170000 158: 1.337698 159: 1.662746 160: 0.269243 161: 0.741317 162: 0.260000 163: 2.563934 164: 3.112452 165: 0.819190 166: -0.735800 167: -1.393801 168: 0.924000 169: -0.790000 170: -0.914677 171: 0.226000 172: 1.843223 173: 3.556363 174: -1.409864 175: -0.813847 176: -2.185906 177: -0.406795 178: -0.324000 179: -0.574439 180: 0.734010 181: 4.051527 182: 2.256301 183: 1.822894 184: -0.838000 185: -0.052000 186: -3.565679 187: 4.464416 188: -0.318000 189: 1.911637 190: 2.041410 191: 2.239093 192: 0.575125 193: 0.798566 194: -1.092479 195: -0.149638 196: 2.313671 197: 1.194088 198: -1.864715 199: 0.620000 200: 2.941613 201: -0.006744 202: 0.472948 203: -0.866000 204: 1.681223 205: -0.690000 206: 0.788409 207: 0.554900 208: 0.204810 209: 4.043770 210: 0.848496 211: -0.108000 212: -0.228323 213: -0.954601 214: -1.075621 215: -0.252457 216: 2.709037 217: -0.091992 218: 0.033839 219: -0.036000 220: 0.031475 221: 3.588311 222: 0.951165 223: 0.851891 224: 0.108679 225: -1.145392 226: 1.720932 227: 0.050000 228: 1.761868 229: 0.858000 230: 2.921707 231: -1.257204 232: 1.538252 233: 0.621207 234: -0.879139 235: -1.713476 236: -1.619329 237: 0.406000 238: 2.507956 239: -1.500079 240: 2.054737 241: -0.740000 242: -2.224641 243: 1.182673 244: 0.340000 245: 0.957624 246: 0.064200 247: -0.542000 248: -0.730397 249: 1.266620 250: 2.251312 251: 2.770416 252: 0.222000 253: 0.912000 254: 0.743099 255: 0.452701 256: -2.489151 257: 0.523574 258: -0.806512 259: 1.729221 260: 0.416763 261: -0.792000 262: 4.640555 263: 1.161118 264: -4.037842 265: 0.720160 266: -0.968000 267: -3.579741 268: 0.828000 269: 1.063277 270: -0.428216 271: -0.088000 272: 4.876223 273: 0.328200 274: -3.341461 275: 1.063805 276: 0.865311 277: 0.702734 278: -0.036000 279: 0.441226 280: 0.328000 281: -1.195537 282: -0.752000 283: 1.430615 284: -0.334000 285: -2.624500 286: 3.095399 287: 1.060597 288: 1.367207 289: 1.485571 290: -1.100580 291: 0.272000 292: 3.808100 293: -1.065617 294: 2.387361 295: 0.068000 296: 0.819223 297: -0.164000 298: 0.854688 299: -0.737392 300: 2.956976 301: 1.518677 302: 2.331925 303: -1.199094 304: 1.470253 305: -0.856000 306: 0.745004 307: 1.664920 308: 3.214293 309: 3.640526 310: 1.701258 311: 0.660217 312: 6.049169 313: 0.713815 314: -1.585126 315: -0.181918 316: 1.857343 317: -0.747997 318: 3.190523 319: 2.399758 320: 4.399950 321: 0.150000 322: -0.828925 323: 5.299750 324: 1.231354 325: -0.971456 326: 0.962000 327: -0.206000 328: 2.559906 329: 0.322051 330: -0.134525 331: 0.936800 332: -0.751002 333: 0.889553 334: 3.326307 335: -0.387195 336: -0.296627 337: 0.901748 338: 4.345637 339: 0.002000 340: -0.330000 341: 0.459396 342: -0.628000 343: 0.136000 344: -0.257402 345: 0.314920 346: 0.006000 347: 1.421704 348: 1.653381 349: 0.833342 350: 2.383864 351: 3.126777 352: 1.638778 353: -0.979807 354: -1.819358 355: 0.681880 356: -0.900000 357: -3.908261 358: -0.386244 359: -1.275002 360: 2.037746 361: 0.471243 362: 6.859237 363: 0.784000 364: 2.913222 365: -0.272000 366: 1.935152 367: -0.479510 368: 1.458555 369: -1.668801 370: 0.981635 371: 1.967418 372: -1.083021 373: 0.250000 374: 0.906000 375: 1.014894 376: 5.761069 377: -0.714000 378: 0.254052 379: -1.618864 380: -0.782000 381: -0.940000 382: 0.113151 383: 0.308778 384: 1.634697 385: 1.763222 386: 1.398158 387: 0.032000 388: 2.165410 389: 1.637110 390: 0.504287 391: -0.934070 392: 0.700107 393: 0.532065 394: 1.438208 395: 0.638920 396: 0.178546 397: -0.388000 398: 0.571128 399: 2.508251 400: -0.327507 401: -2.549837 402: -0.669245 403: 0.149160 404: 2.795627 405: -2.874639 406: 0.578000 407: -1.227219 408: 0.321122 409: -2.191120 410: 1.436746 411: 1.521047 412: 0.684072 413: 0.952779 414: 0.263717 415: 2.381916 416: 1.018779 417: -2.326690 418: -0.681382 419: -2.377416 420: 0.354000 421: 0.033787 422: -0.966000 423: -0.334000 424: 0.530000 425: -0.888786 426: -1.062698 427: 0.386000 428: 0.484000 429: -0.976000 430: -0.396000 431: -0.988000 432: -0.174000 433: 0.582000 434: 0.032000 435: -1.960862 436: 0.072000 437: -0.978000 438: 0.082000 439: 0.742000 440: -0.682000 441: -0.522000 442: 0.082000 443: -0.302000 444: -0.662000 445: 2.815627 446: 0.072000 447: -0.890000 448: 0.718579 449: 0.137593 450: 1.190602 451: 2.267399 452: -0.016000 453: 1.095099 454: -0.740689 455: -0.208000 456: -0.106000 457: 1.450301 458: 0.838000 459: 1.344201 460: 0.758000 461: 2.784110 462: 0.965887 463: -0.160000 464: -0.668000 465: -0.882060 466: 3.940526 467: 0.016000 468: -2.169122 469: -0.158000 470: 0.434000 471: -1.925194 472: 0.608000 473: 0.134862 474: 2.380301 475: 0.626000 476: -0.490000 477: 0.264000 478: 3.199006 479: 0.269638 480: -0.148000 481: 0.026000 482: 0.105093 483: 0.308000 484: 0.398000 485: -0.138000 486: -0.510000 487: 0.162000 488: -0.716000 489: 3.177950 490: -0.462000 491: 0.280000 492: 0.841263 493: -0.205100 494: -0.236000 495: 1.135128 496: 0.764000 497: -0.740000 498: -0.454000 499: -0.462000 500: 0.128000 501: 0.480000 502: -0.842000 503: -0.580000 504: -0.778000 505: 0.400000 506: 1.380858 507: -0.488000 508: -3.677123 509: -0.662000 510: 0.468000 511: -0.576000 512: 0.022000 513: 0.568000 514: -0.193343 515: -0.784000 516: 0.508000 517: -0.592000 518: 0.044000 519: 0.516000 520: -0.794000 521: -0.423614 522: 0.006000 523: -0.144000 524: 2.681868 525: -0.550000 526: 0.716000 527: 0.996000 528: 0.562000 529: 1.374592 530: -0.624000 531: 0.312000 
		 Output 0.006398 
 
 		Neuron ID , del (532 ,  0.000000) 
		Output Weights 
		Input Weights 0: -6.063455 1: -0.928908 2: -0.990000 3: -0.346000 4: -0.327639 5: -0.782142 6: -0.767096 7: 0.453518 8: 0.506370 9: 0.361291 10: 0.804000 11: 0.155260 12: -0.424251 13: -0.424198 14: 0.910616 15: 0.392000 16: -0.674000 17: -0.324510 18: 0.402544 19: 0.879393 20: -0.512961 21: 0.932996 22: -0.560000 23: -0.094510 24: -0.032471 25: 0.480000 26: -0.690677 27: 0.192046 28: -0.514882 29: 0.331440 30: 0.645971 31: 0.890276 32: -0.760000 33: 0.006207 34: -0.373071 35: -0.836000 36: -0.718000 37: -0.326867 38: -0.120401 39: -0.960000 40: -0.354787 41: -0.992000 42: -0.723601 43: -0.487469 44: -0.210960 45: 0.718000 46: 0.932522 47: 0.024431 48: -0.132000 49: -0.598000 50: 0.066864 51: 0.218000 52: -0.219631 53: -0.266636 54: -0.723458 55: -0.106263 56: 0.670504 57: -0.277151 58: -0.237503 59: -0.224048 60: -0.678843 61: 0.231324 62: -0.346771 63: 0.834544 64: 0.648000 65: 0.672000 66: -0.680855 67: -0.392000 68: -0.302795 69: 0.302457 70: 0.449323 71: -0.507234 72: 0.752967 73: 0.750000 74: 0.526397 75: -0.044141 76: -0.824498 77: -0.296248 78: -0.115863 79: 0.692000 80: 0.346733 81: -0.322265 82: 0.847613 83: -0.557384 84: 0.835494 85: 0.858000 86: 0.445871 87: 0.114604 88: 0.494000 89: -0.699277 90: 0.332483 91: 0.467946 92: 0.451360 93: -0.613039 94: 0.316792 95: -0.866000 96: -0.879507 97: -0.742222 98: -0.526918 99: 0.510272 100: 0.751474 101: -0.705370 102: 0.076752 103: -0.225110 104: -0.650000 105: -0.700860 106: 0.232384 107: -0.426880 108: -0.440515 109: -0.552462 110: -0.082103 111: 0.179790 112: -0.488000 113: -0.671329 114: 0.323090 115: 0.050909 116: 0.623874 117: 0.451614 118: 0.786007 119: -0.384216 120: 0.832857 121: 0.218206 122: 0.885190 123: -0.478512 124: 0.346040 125: -0.064000 126: -0.394000 127: -0.308791 128: -0.841084 129: -0.182791 130: -0.034000 131: 0.892000 132: 0.185153 133: -0.385732 134: -0.710377 135: -0.508000 136: 0.226588 137: -0.411621 138: -0.799055 139: -0.800000 140: 0.068000 141: -0.560226 142: -0.154848 143: 0.498000 144: -0.561402 145: 0.653428 146: 0.812205 147: -0.398000 148: 0.583724 149: 0.350277 150: -0.103207 151: 0.305241 152: 0.668235 153: -0.353993 154: -0.202000 155: -0.950000 156: 0.383418 157: -0.754000 158: 0.702776 159: 0.532945 160: -0.221200 161: -0.917626 162: -0.892000 163: 0.763464 164: 0.228741 165: -0.091340 166: -0.710880 167: 0.605548 168: 0.330000 169: -0.528000 170: 0.749003 171: -0.300000 172: 0.100483 173: 0.791119 174: -0.834435 175: 0.380063 176: -0.427954 177: -0.156196 178: -0.750000 179: 0.152573 180: -0.018470 181: -0.030477 182: -0.163454 183: 0.773883 184: 0.476000 185: -0.708000 186: -0.026282 187: 0.778058 188: 0.348000 189: -0.724390 190: -0.815741 191: 0.727298 192: -0.586366 193: -0.810031 194: -0.542451 195: 0.456897 196: 0.881172 197: 0.197294 198: 0.672063 199: -0.130000 200: 0.510530 201: -0.481056 202: 0.648122 203: 0.536000 204: -0.687517 205: 0.772000 206: -0.532399 207: -0.343996 208: 0.423250 209: 0.459718 210: -0.313786 211: 0.128000 212: 0.992560 213: 0.970168 214: 0.909515 215: -0.751551 216: 0.475556 217: -0.172473 218: 0.492993 219: 0.302000 220: 0.341490 221: -0.496408 222: 0.970384 223: 0.972521 224: 0.243534 225: 0.246861 226: 0.141735 227: 0.888000 228: 0.344378 229: 0.326000 230: 0.430128 231: 0.800766 232: -0.696343 233: 0.213266 234: -0.683037 235: 0.010803 236: 0.028032 237: 0.896000 238: 0.183523 239: 0.072932 240: -0.355232 241: 0.738000 242: 0.342421 243: 0.270334 244: -0.810000 245: 0.969096 246: -0.748880 247: 0.116000 248: 0.691148 249: 0.063676 250: 0.580875 251: -0.887942 252: 0.410000 253: -0.826000 254: 0.138522 255: -0.486538 256: -0.734034 257: -0.941438 258: 0.193307 259: 0.544273 260: 0.326802 261: 0.658000 262: -0.087281 263: -0.007607 264: 0.802777 265: -0.041624 266: 0.714000 267: 0.961589 268: 0.536000 269: 0.814276 270: -0.219141 271: 0.124000 272: 0.761155 273: 0.175120 274: 0.879946 275: 0.003151 276: 0.595711 277: -0.903234 278: -0.176000 279: 0.311577 280: 0.830000 281: 0.389748 282: 0.130000 283: -0.813636 284: -0.842000 285: -0.915370 286: 0.521457 287: -0.414544 288: 0.741266 289: 0.657781 290: -0.415095 291: -0.904000 292: -0.350453 293: 0.172059 294: 0.009113 295: -0.228000 296: 0.982483 297: 0.004000 298: -0.116523 299: -0.487139 300: -0.601417 301: 0.353303 302: -0.576681 303: -0.429088 304: 0.168958 305: 0.120000 306: 0.430549 307: -0.661785 308: 0.468549 309: -0.752743 310: 0.155790 311: 0.821260 312: 0.372007 313: 0.656411 314: 0.334491 315: -0.497300 316: -0.764191 317: 0.711558 318: -0.521417 319: -0.957014 320: 0.109644 321: 0.702000 322: 0.779646 323: 0.408689 324: -0.847071 325: -0.539045 326: 0.810000 327: 0.800000 328: -0.651596 329: 0.781710 330: 0.071490 331: -0.069263 332: -0.158097 333: -0.722771 334: 0.414465 335: 0.436353 336: -0.762804 337: 0.780291 338: 0.867939 339: 0.846000 340: 0.856000 341: -0.359314 342: 0.616000 343: -0.912000 344: -0.979764 345: -0.699785 346: 0.540000 347: -0.776762 348: -0.083538 349: -0.593279 350: 0.431157 351: -0.179696 352: -0.650532 353: -0.447250 354: -0.733032 355: -0.181565 356: -0.160000 357: -0.495639 358: 0.984264 359: 0.139903 360: 0.865336 361: -0.002560 362: 0.822043 363: 0.720000 364: -0.547448 365: -0.012000 366: 0.868277 367: 0.759829 368: 0.045927 369: 0.807988 370: -0.331267 371: -0.855749 372: 0.978568 373: 0.356000 374: -0.486000 375: -0.406117 376: -0.416433 377: 0.722000 378: -0.746483 379: 0.075456 380: 0.580000 381: -0.556000 382: -0.426558 383: 0.667468 384: -0.144149 385: -0.645158 386: 0.650215 387: -0.614000 388: -0.713741 389: -0.109143 390: -0.784437 391: 0.854665 392: -0.450419 393: 0.822511 394: -0.524251 395: 0.478215 396: 0.692145 397: 0.452000 398: 0.518882 399: 0.303398 400: -0.631647 401: -0.444096 402: 0.200301 403: 0.063605 404: 0.379633 405: 0.678427 406: -0.278000 407: 0.040263 408: 0.798159 409: -0.487465 410: 0.180945 411: -0.547673 412: -0.484837 413: -0.537178 414: -0.840582 415: 0.127364 416: -0.489178 417: 0.129746 418: 0.976359 419: -0.456876 420: 0.310000 421: 0.637520 422: 0.732000 423: 0.930000 424: -0.074000 425: -0.540943 426: -0.021020 427: 0.596000 428: -0.526000 429: -0.782000 430: -0.652000 431: 0.758000 432: 0.056000 433: 0.896000 434: 0.058000 435: -0.601583 436: 0.348000 437: 0.106000 438: 0.392000 439: 0.316000 440: -0.890000 441: 0.102000 442: 0.864000 443: 0.270000 444: -0.278000 445: 0.649633 446: -0.090000 447: -0.398000 448: 0.692037 449: 0.009930 450: 0.637639 451: -0.460543 452: -0.886000 453: -0.229478 454: -0.916289 455: 0.234000 456: 0.270000 457: -0.315454 458: 0.036000 459: -0.803960 460: -0.154000 461: 0.534820 462: -0.299009 463: -0.572000 464: -0.958000 465: 0.794399 466: -0.714743 467: 0.368000 468: -0.343779 469: 0.956000 470: 0.634000 471: -0.663228 472: 0.526000 473: 0.448341 474: 0.666546 475: 0.730000 476: -0.140000 477: -0.030000 478: 0.168909 479: -0.454587 480: -0.766000 481: 0.940000 482: -0.798855 483: -0.094000 484: -0.146000 485: -0.168000 486: -0.948000 487: -0.902000 488: -0.126000 489: 0.553644 490: -0.420000 491: 0.752000 492: 0.253332 493: -0.051996 494: -0.174000 495: -0.679118 496: -0.498000 497: -0.074000 498: 0.568000 499: 0.944000 500: 0.400000 501: 0.618000 502: -0.358000 503: 0.146000 504: -0.328000 505: -0.240000 506: 0.386106 507: -0.306000 508: 0.938058 509: -0.896000 510: 0.816000 511: 0.938000 512: -0.314000 513: 0.568000 514: -0.877101 515: -0.914000 516: 0.698000 517: -0.630000 518: -0.170000 519: 0.266000 520: 0.620000 521: 0.460771 522: 0.946000 523: -0.654000 524: 0.216378 525: -0.942000 526: -0.124000 527: -0.262000 528: -0.730000 529: -0.473603 530: 0.228000 531: -0.412000 
		 Output 0.998530 
 
 

	Layer ID 0 
		Neuron ID , del (0 ,  0.000000) 
		Output Weights 0: 5.678251 1: -0.928908 
		Input Weights 0: 0.000000 
		 Output 0.000000 
 
 		Neuron ID , del (1 ,  0.000000) 
		Output Weights 0: 0.806000 1: -0.990000 
		Input Weights 0: 0.000000 
		 Output 0.000000 
 
 		Neuron ID , del (2 ,  0.000000) 
		Output Weights 0: 0.164000 1: -0.346000 
		Input Weights 0: 0.000000 
		 Output 0.000000 
 
 		Neuron ID , del (3 ,  0.000000) 
		Output Weights 0: 0.285979 1: -0.327639 
		Input Weights 0: 0.000000 
		 Output 0.000000 
 
 		Neuron ID , del (4 ,  0.000000) 
		Output Weights 0: 0.188190 1: -0.782142 
		Input Weights 0: 0.000000 
		 Output 0.000000 
 
 		Neuron ID , del (5 ,  0.000000) 
		Output Weights 0: 0.490173 1: -0.767096 
		Input Weights 0: 0.000000 
		 Output 0.000000 
 
 		Neuron ID , del (6 ,  0.000000) 
		Output Weights 0: 2.097931 1: 0.453518 
		Input Weights 0: 0.000000 
		 Output 0.000000 
 
 		Neuron ID , del (7 ,  0.000000) 
		Output Weights 0: -0.354084 1: 0.506370 
		Input Weights 0: 0.000000 
		 Output 0.000000 
 
 		Neuron ID , del (8 ,  0.000000) 
		Output Weights 0: 0.811297 1: 0.361291 
		Input Weights 0: 0.000000 
		 Output 0.000000 
 
 		Neuron ID , del (9 ,  0.000000) 
		Output Weights 0: -0.132000 1: 0.804000 
		Input Weights 0: 0.000000 
		 Output 0.000000 
 
 		Neuron ID , del (10 ,  0.000000) 
		Output Weights 0: 0.602217 1: 0.155260 
		Input Weights 0: 0.000000 
		 Output 0.000000 
 
 		Neuron ID , del (11 ,  0.000000) 
		Output Weights 0: 2.560208 1: -0.424251 
		Input Weights 0: 0.000000 
		 Output 0.000000 
 
 		Neuron ID , del (12 ,  0.000000) 
		Output Weights 0: -1.287537 1: -0.424198 
		Input Weights 0: 0.000000 
		 Output 0.000000 
 
 		Neuron ID , del (13 ,  0.000000) 
		Output Weights 0: 0.503722 1: 0.910616 
		Input Weights 0: 0.000000 
		 Output 0.000000 
 
 		Neuron ID , del (14 ,  0.000000) 
		Output Weights 0: 0.334000 1: 0.392000 
		Input Weights 0: 0.000000 
		 Output 0.000000 
 
 		Neuron ID , del (15 ,  0.000000) 
		Output Weights 0: -0.846000 1: -0.674000 
		Input Weights 0: 0.000000 
		 Output 0.000000 
 
 		Neuron ID , del (16 ,  0.000000) 
		Output Weights 0: 1.094373 1: -0.324510 
		Input Weights 0: 0.000000 
		 Output 0.000000 
 
 		Neuron ID , del (17 ,  0.000000) 
		Output Weights 0: 3.994626 1: 0.402544 
		Input Weights 0: 0.000000 
		 Output 0.000000 
 
 		Neuron ID , del (18 ,  0.000000) 
		Output Weights 0: -0.356807 1: 0.879393 
		Input Weights 0: 0.000000 
		 Output 0.000000 
 
 		Neuron ID , del (19 ,  0.000000) 
		Output Weights 0: -0.446496 1: -0.512961 
		Input Weights 0: 0.000000 
		 Output 0.000000 
 
 		Neuron ID , del (20 ,  0.000000) 
		Output Weights 0: -2.254601 1: 0.932996 
		Input Weights 0: 0.000000 
		 Output 0.000000 
 
 		Neuron ID , del (21 ,  0.000000) 
		Output Weights 0: -0.372000 1: -0.560000 
		Input Weights 0: 0.000000 
		 Output 0.000000 
 
 		Neuron ID , del (22 ,  0.000000) 
		Output Weights 0: -0.412525 1: -0.094510 
		Input Weights 0: 0.000000 
		 Output 0.000000 
 
 		Neuron ID , del (23 ,  0.000000) 
		Output Weights 0: 0.247131 1: -0.032471 
		Input Weights 0: 0.000000 
		 Output 0.000000 
 
 		Neuron ID , del (24 ,  0.000000) 
		Output Weights 0: -0.294000 1: 0.480000 
		Input Weights 0: 0.000000 
		 Output 0.000000 
 
 		Neuron ID , del (25 ,  0.000000) 
		Output Weights 0: 0.024138 1: -0.690677 
		Input Weights 0: 0.000000 
		 Output 0.000000 
 
 		Neuron ID , del (26 ,  0.000000) 
		Output Weights 0: -2.580045 1: 0.192046 
		Input Weights 0: 0.000000 
		 Output 0.000000 
 
 		Neuron ID , del (27 ,  0.000000) 
		Output Weights 0: 0.222356 1: -0.514882 
		Input Weights 0: 0.000000 
		 Output 0.000000 
 
 		Neuron ID , del (28 ,  0.000000) 
		Output Weights 0: 0.671243 1: 0.331440 
		Input Weights 0: 0.000000 
		 Output 0.000000 
 
 		Neuron ID , del (29 ,  0.000000) 
		Output Weights 0: 3.476196 1: 0.645971 
		Input Weights 0: 0.000000 
		 Output 0.000000 
 
 		Neuron ID , del (30 ,  0.000000) 
		Output Weights 0: 1.643277 1: 0.890276 
		Input Weights 0: 0.000000 
		 Output 0.000000 
 
 		Neuron ID , del (31 ,  0.000000) 
		Output Weights 0: 0.950000 1: -0.760000 
		Input Weights 0: 0.000000 
		 Output 0.000000 
 
 		Neuron ID , del (32 ,  0.000000) 
		Output Weights 0: -0.349858 1: 0.006207 
		Input Weights 0: 0.000000 
		 Output 0.000000 
 
 		Neuron ID , del (33 ,  0.000000) 
		Output Weights 0: 1.547354 1: -0.373071 
		Input Weights 0: 0.000000 
		 Output 0.000000 
 
 		Neuron ID , del (34 ,  0.000000) 
		Output Weights 0: 0.576000 1: -0.836000 
		Input Weights 0: 0.000000 
		 Output 0.000000 
 
 		Neuron ID , del (35 ,  0.000000) 
		Output Weights 0: 0.064000 1: -0.718000 
		Input Weights 0: 0.000000 
		 Output 0.000000 
 
 		Neuron ID , del (36 ,  0.000000) 
		Output Weights 0: 0.460599 1: -0.326867 
		Input Weights 0: 0.000000 
		 Output 0.000000 
 
 		Neuron ID , del (37 ,  0.000000) 
		Output Weights 0: 5.597847 1: -0.120401 
		Input Weights 0: 0.000000 
		 Output 0.000000 
 
 		Neuron ID , del (38 ,  0.000000) 
		Output Weights 0: 0.938000 1: -0.960000 
		Input Weights 0: 0.000000 
		 Output 0.000000 
 
 		Neuron ID , del (39 ,  0.000000) 
		Output Weights 0: -1.110332 1: -0.354787 
		Input Weights 0: 0.000000 
		 Output 0.000000 
 
 		Neuron ID , del (40 ,  0.000000) 
		Output Weights 0: -0.776000 1: -0.992000 
		Input Weights 0: 0.000000 
		 Output 0.000000 
 
 		Neuron ID , del (41 ,  0.000000) 
		Output Weights 0: -0.062060 1: -0.723601 
		Input Weights 0: 0.000000 
		 Output 0.000000 
 
 		Neuron ID , del (42 ,  0.000000) 
		Output Weights 0: 2.519719 1: -0.487469 
		Input Weights 0: 0.000000 
		 Output 0.000000 
 
 		Neuron ID , del (43 ,  0.000000) 
		Output Weights 0: 0.513093 1: -0.210960 
		Input Weights 0: 0.000000 
		 Output 0.000000 
 
 		Neuron ID , del (44 ,  0.000000) 
		Output Weights 0: -0.486000 1: 0.718000 
		Input Weights 0: 0.000000 
		 Output 0.000000 
 
 		Neuron ID , del (45 ,  0.000000) 
		Output Weights 0: 0.519099 1: 0.932522 
		Input Weights 0: 0.000000 
		 Output 0.000000 
 
 		Neuron ID , del (46 ,  0.000000) 
		Output Weights 0: 2.344850 1: 0.024431 
		Input Weights 0: 0.000000 
		 Output 0.000000 
 
 		Neuron ID , del (47 ,  0.000000) 
		Output Weights 0: -0.122000 1: -0.132000 
		Input Weights 0: 0.000000 
		 Output 0.000000 
 
 		Neuron ID , del (48 ,  0.000000) 
		Output Weights 0: -0.294000 1: -0.598000 
		Input Weights 0: 0.000000 
		 Output 0.000000 
 
 		Neuron ID , del (49 ,  0.000000) 
		Output Weights 0: 2.238064 1: 0.066864 
		Input Weights 0: 0.000000 
		 Output 0.000000 
 
 		Neuron ID , del (50 ,  0.000000) 
		Output Weights 0: 0.270000 1: 0.218000 
		Input Weights 0: 0.000000 
		 Output 0.000000 
 
 		Neuron ID , del (51 ,  0.000000) 
		Output Weights 0: 0.381465 1: -0.219631 
		Input Weights 0: 0.000000 
		 Output 0.000000 
 
 		Neuron ID , del (52 ,  0.000000) 
		Output Weights 0: 2.375916 1: -0.266636 
		Input Weights 0: 0.000000 
		 Output 0.000000 
 
 		Neuron ID , del (53 ,  0.000000) 
		Output Weights 0: 3.745817 1: -0.723458 
		Input Weights 0: 0.000000 
		 Output 0.000000 
 
 		Neuron ID , del (54 ,  0.000000) 
		Output Weights 0: 0.511843 1: -0.106263 
		Input Weights 0: 0.000000 
		 Output 0.000000 
 
 		Neuron ID , del (55 ,  0.000000) 
		Output Weights 0: 3.113777 1: 0.670504 
		Input Weights 0: 0.000000 
		 Output 0.000000 
 
 		Neuron ID , del (56 ,  0.000000) 
		Output Weights 0: 2.360217 1: -0.277151 
		Input Weights 0: 0.000000 
		 Output 0.000000 
 
 		Neuron ID , del (57 ,  0.000000) 
		Output Weights 0: 4.514916 1: -0.237503 
		Input Weights 0: 0.000000 
		 Output 0.000000 
 
 		Neuron ID , del (58 ,  0.000000) 
		Output Weights 0: 2.369830 1: -0.224048 
		Input Weights 0: 0.000000 
		 Output 0.000000 
 
 		Neuron ID , del (59 ,  0.000000) 
		Output Weights 0: 0.439548 1: -0.678843 
		Input Weights 0: 0.000000 
		 Output 0.000000 
 
 		Neuron ID , del (60 ,  0.000000) 
		Output Weights 0: 2.585721 1: 0.231324 
		Input Weights 0: 0.000000 
		 Output 0.000000 
 
 		Neuron ID , del (61 ,  0.000000) 
		Output Weights 0: 1.349553 1: -0.346771 
		Input Weights 0: 0.000000 
		 Output 0.000000 
 
 		Neuron ID , del (62 ,  0.000000) 
		Output Weights 0: 2.609682 1: 0.834544 
		Input Weights 0: 0.000000 
		 Output 0.000000 
 
 		Neuron ID , del (63 ,  0.000000) 
		Output Weights 0: 0.518000 1: 0.648000 
		Input Weights 0: 0.000000 
		 Output 0.000000 
 
 		Neuron ID , del (64 ,  0.000000) 
		Output Weights 0: -0.814000 1: 0.672000 
		Input Weights 0: 0.000000 
		 Output 0.000000 
 
 		Neuron ID , del (65 ,  0.000000) 
		Output Weights 0: -0.420907 1: -0.680855 
		Input Weights 0: 0.000000 
		 Output 0.000000 
 
 		Neuron ID , del (66 ,  0.000000) 
		Output Weights 0: 0.594000 1: -0.392000 
		Input Weights 0: 0.000000 
		 Output 0.000000 
 
 		Neuron ID , del (67 ,  0.000000) 
		Output Weights 0: -0.251828 1: -0.302795 
		Input Weights 0: 0.000000 
		 Output 0.000000 
 
 		Neuron ID , del (68 ,  0.000000) 
		Output Weights 0: -0.848450 1: 0.302457 
		Input Weights 0: 0.000000 
		 Output 0.000000 
 
 		Neuron ID , del (69 ,  0.000000) 
		Output Weights 0: 0.832138 1: 0.449323 
		Input Weights 0: 0.000000 
		 Output 0.000000 
 
 		Neuron ID , del (70 ,  0.000000) 
		Output Weights 0: -1.333204 1: -0.507234 
		Input Weights 0: 0.000000 
		 Output 0.000000 
 
 		Neuron ID , del (71 ,  0.000000) 
		Output Weights 0: 0.619528 1: 0.752967 
		Input Weights 0: 0.000000 
		 Output 0.000000 
 
 		Neuron ID , del (72 ,  0.000000) 
		Output Weights 0: 0.746000 1: 0.750000 
		Input Weights 0: 0.000000 
		 Output 0.000000 
 
 		Neuron ID , del (73 ,  0.000000) 
		Output Weights 0: -0.186636 1: 0.526397 
		Input Weights 0: 0.000000 
		 Output 0.000000 
 
 		Neuron ID , del (74 ,  0.000000) 
		Output Weights 0: 1.856772 1: -0.044141 
		Input Weights 0: 0.000000 
		 Output 0.000000 
 
 		Neuron ID , del (75 ,  0.000000) 
		Output Weights 0: 0.935953 1: -0.824498 
		Input Weights 0: 0.000000 
		 Output 0.000000 
 
 		Neuron ID , del (76 ,  0.000000) 
		Output Weights 0: 0.705014 1: -0.296248 
		Input Weights 0: 0.000000 
		 Output 0.000000 
 
 		Neuron ID , del (77 ,  0.000000) 
		Output Weights 0: 0.797042 1: -0.115863 
		Input Weights 0: 0.000000 
		 Output 0.000000 
 
 		Neuron ID , del (78 ,  0.000000) 
		Output Weights 0: -0.546000 1: 0.692000 
		Input Weights 0: 0.000000 
		 Output 0.000000 
 
 		Neuron ID , del (79 ,  0.000000) 
		Output Weights 0: 2.770044 1: 0.346733 
		Input Weights 0: 0.000000 
		 Output 0.000000 
 
 		Neuron ID , del (80 ,  0.000000) 
		Output Weights 0: 1.162932 1: -0.322265 
		Input Weights 0: 0.000000 
		 Output 0.000000 
 
 		Neuron ID , del (81 ,  0.000000) 
		Output Weights 0: 0.677193 1: 0.847613 
		Input Weights 0: 0.000000 
		 Output 0.000000 
 
 		Neuron ID , del (82 ,  0.000000) 
		Output Weights 0: -0.162278 1: -0.557384 
		Input Weights 0: 0.000000 
		 Output 0.000000 
 
 		Neuron ID , del (83 ,  0.000000) 
		Output Weights 0: 3.311297 1: 0.835494 
		Input Weights 0: 0.000000 
		 Output 0.000000 
 
 		Neuron ID , del (84 ,  0.000000) 
		Output Weights 0: -0.576000 1: 0.858000 
		Input Weights 0: 0.000000 
		 Output 0.000000 
 
 		Neuron ID , del (85 ,  0.000000) 
		Output Weights 0: 0.225606 1: 0.445871 
		Input Weights 0: 0.000000 
		 Output 0.000000 
 
 		Neuron ID , del (86 ,  0.000000) 
		Output Weights 0: 2.162659 1: 0.114604 
		Input Weights 0: 0.000000 
		 Output 0.000000 
 
 		Neuron ID , del (87 ,  0.000000) 
		Output Weights 0: 0.030000 1: 0.494000 
		Input Weights 0: 0.000000 
		 Output 0.000000 
 
 		Neuron ID , del (88 ,  0.000000) 
		Output Weights 0: 0.012408 1: -0.699277 
		Input Weights 0: 0.000000 
		 Output 0.000000 
 
 		Neuron ID , del (89 ,  0.000000) 
		Output Weights 0: 1.055223 1: 0.332483 
		Input Weights 0: 0.000000 
		 Output 0.000000 
 
 		Neuron ID , del (90 ,  0.000000) 
		Output Weights 0: 0.935958 1: 0.467946 
		Input Weights 0: 0.000000 
		 Output 0.000000 
 
 		Neuron ID , del (91 ,  0.000000) 
		Output Weights 0: 2.334829 1: 0.451360 
		Input Weights 0: 0.000000 
		 Output 0.000000 
 
 		Neuron ID , del (92 ,  0.000000) 
		Output Weights 0: -0.889383 1: -0.613039 
		Input Weights 0: 0.000000 
		 Output 0.000000 
 
 		Neuron ID , del (93 ,  0.000000) 
		Output Weights 0: -0.070562 1: 0.316792 
		Input Weights 0: 0.000000 
		 Output 0.000000 
 
 		Neuron ID , del (94 ,  0.000000) 
		Output Weights 0: -0.984000 1: -0.866000 
		Input Weights 0: 0.000000 
		 Output 0.000000 
 
 		Neuron ID , del (95 ,  0.000000) 
		Output Weights 0: -2.449574 1: -0.879507 
		Input Weights 0: 0.000000 
		 Output 0.000000 
 
 		Neuron ID , del (96 ,  0.000000) 
		Output Weights 0: -3.681348 1: -0.742222 
		Input Weights 0: 0.000000 
		 Output 0.000000 
 
 		Neuron ID , del (97 ,  0.000000) 
		Output Weights 0: -1.195316 1: -0.526918 
		Input Weights 0: 0.000000 
		 Output 0.000000 
 
 		Neuron ID , del (98 ,  0.000000) 
		Output Weights 0: 5.347578 1: 0.510272 
		Input Weights 0: 0.000000 
		 Output 0.000000 
 
 		Neuron ID , del (99 ,  0.000000) 
		Output Weights 0: 0.815596 1: 0.751474 
		Input Weights 0: 0.000000 
		 Output 0.000000 
 
 		Neuron ID , del (100 ,  0.000000) 
		Output Weights 0: -1.506375 1: -0.705370 
		Input Weights 0: 0.000000 
		 Output 0.000000 
 
 		Neuron ID , del (101 ,  0.000000) 
		Output Weights 0: 1.829080 1: 0.076752 
		Input Weights 0: 0.000000 
		 Output 0.000000 
 
 		Neuron ID , del (102 ,  0.000000) 
		Output Weights 0: 2.929118 1: -0.225110 
		Input Weights 0: 0.000000 
		 Output 0.000000 
 
 		Neuron ID , del (103 ,  0.000000) 
		Output Weights 0: 0.238000 1: -0.650000 
		Input Weights 0: 0.000000 
		 Output 0.000000 
 
 		Neuron ID , del (104 ,  0.000000) 
		Output Weights 0: -1.805192 1: -0.700860 
		Input Weights 0: 0.000000 
		 Output 0.000000 
 
 		Neuron ID , del (105 ,  0.000000) 
		Output Weights 0: -0.421255 1: 0.232384 
		Input Weights 0: 0.000000 
		 Output 0.000000 
 
 		Neuron ID , del (106 ,  0.000000) 
		Output Weights 0: 0.164200 1: -0.426880 
		Input Weights 0: 0.000000 
		 Output 0.000000 
 
 		Neuron ID , del (107 ,  0.000000) 
		Output Weights 0: -0.274766 1: -0.440515 
		Input Weights 0: 0.000000 
		 Output 0.000000 
 
 		Neuron ID , del (108 ,  0.000000) 
		Output Weights 0: -0.834838 1: -0.552462 
		Input Weights 0: 0.000000 
		 Output 0.000000 
 
 		Neuron ID , del (109 ,  0.000000) 
		Output Weights 0: 2.495316 1: -0.082103 
		Input Weights 0: 0.000000 
		 Output 0.000000 
 
 		Neuron ID , del (110 ,  0.000000) 
		Output Weights 0: 1.803258 1: 0.179790 
		Input Weights 0: 0.000000 
		 Output 0.000000 
 
 		Neuron ID , del (111 ,  0.000000) 
		Output Weights 0: 0.670000 1: -0.488000 
		Input Weights 0: 0.000000 
		 Output 0.000000 
 
 		Neuron ID , del (112 ,  0.000000) 
		Output Weights 0: 6.176507 1: -0.671329 
		Input Weights 0: 0.000000 
		 Output 0.000000 
 
 		Neuron ID , del (113 ,  0.000000) 
		Output Weights 0: -0.023750 1: 0.323090 
		Input Weights 0: 0.000000 
		 Output 0.000000 
 
 		Neuron ID , del (114 ,  0.000000) 
		Output Weights 0: 3.255006 1: 0.050909 
		Input Weights 0: 0.000000 
		 Output 0.000000 
 
 		Neuron ID , del (115 ,  0.000000) 
		Output Weights 0: -0.401270 1: 0.623874 
		Input Weights 0: 0.000000 
		 Output 0.000000 
 
 		Neuron ID , del (116 ,  0.000000) 
		Output Weights 0: 0.871354 1: 0.451614 
		Input Weights 0: 0.000000 
		 Output 0.000000 
 
 		Neuron ID , del (117 ,  0.000000) 
		Output Weights 0: 1.484647 1: 0.786007 
		Input Weights 0: 0.000000 
		 Output 0.000000 
 
 		Neuron ID , del (118 ,  0.000000) 
		Output Weights 0: 0.896078 1: -0.384216 
		Input Weights 0: 0.000000 
		 Output 0.000000 
 
 		Neuron ID , del (119 ,  0.000000) 
		Output Weights 0: -0.100556 1: 0.832857 
		Input Weights 0: 0.000000 
		 Output 0.000000 
 
 		Neuron ID , del (120 ,  0.000000) 
		Output Weights 0: 0.264483 1: 0.218206 
		Input Weights 0: 0.000000 
		 Output 0.000000 
 
 		Neuron ID , del (121 ,  0.000000) 
		Output Weights 0: 0.896191 1: 0.885190 
		Input Weights 0: 0.000000 
		 Output 0.000000 
 
 		Neuron ID , del (122 ,  0.000000) 
		Output Weights 0: 5.345824 1: -0.478512 
		Input Weights 0: 0.000000 
		 Output 0.000000 
 
 		Neuron ID , del (123 ,  0.000000) 
		Output Weights 0: -0.203799 1: 0.346040 
		Input Weights 0: 0.000000 
		 Output 0.000000 
 
 		Neuron ID , del (124 ,  0.000000) 
		Output Weights 0: 0.442000 1: -0.064000 
		Input Weights 0: 0.000000 
		 Output 0.000000 
 
 		Neuron ID , del (125 ,  0.000000) 
		Output Weights 0: -0.790000 1: -0.394000 
		Input Weights 0: 0.000000 
		 Output 0.000000 
 
 		Neuron ID , del (126 ,  0.000000) 
		Output Weights 0: 0.320022 1: -0.308791 
		Input Weights 0: 0.000000 
		 Output 0.000000 
 
 		Neuron ID , del (127 ,  0.000000) 
		Output Weights 0: -2.209336 1: -0.841084 
		Input Weights 0: 0.000000 
		 Output 0.000000 
 
 		Neuron ID , del (128 ,  0.000000) 
		Output Weights 0: 2.765337 1: -0.182791 
		Input Weights 0: 0.000000 
		 Output 0.000000 
 
 		Neuron ID , del (129 ,  0.000000) 
		Output Weights 0: -0.846000 1: -0.034000 
		Input Weights 0: 0.000000 
		 Output 0.000000 
 
 		Neuron ID , del (130 ,  0.000000) 
		Output Weights 0: 0.498000 1: 0.892000 
		Input Weights 0: 0.000000 
		 Output 0.000000 
 
 		Neuron ID , del (131 ,  0.000000) 
		Output Weights 0: -0.016773 1: 0.185153 
		Input Weights 0: 0.000000 
		 Output 0.000000 
 
 		Neuron ID , del (132 ,  0.000000) 
		Output Weights 0: -1.313636 1: -0.385732 
		Input Weights 0: 0.000000 
		 Output 0.000000 
 
 		Neuron ID , del (133 ,  0.000000) 
		Output Weights 0: 3.142567 1: -0.710377 
		Input Weights 0: 0.000000 
		 Output 0.000000 
 
 		Neuron ID , del (134 ,  0.000000) 
		Output Weights 0: 0.052000 1: -0.508000 
		Input Weights 0: 0.000000 
		 Output 0.000000 
 
 		Neuron ID , del (135 ,  0.000000) 
		Output Weights 0: -2.565945 1: 0.226588 
		Input Weights 0: 0.000000 
		 Output 0.000000 
 
 		Neuron ID , del (136 ,  0.000000) 
		Output Weights 0: 1.510945 1: -0.411621 
		Input Weights 0: 0.000000 
		 Output 0.000000 
 
 		Neuron ID , del (137 ,  0.000000) 
		Output Weights 0: 2.308746 1: -0.799055 
		Input Weights 0: 0.000000 
		 Output 0.000000 
 
 		Neuron ID , del (138 ,  0.000000) 
		Output Weights 0: 0.624000 1: -0.800000 
		Input Weights 0: 0.000000 
		 Output 0.000000 
 
 		Neuron ID , del (139 ,  0.000000) 
		Output Weights 0: 0.502000 1: 0.068000 
		Input Weights 0: 0.000000 
		 Output 0.000000 
 
 		Neuron ID , del (140 ,  0.000000) 
		Output Weights 0: -0.648230 1: -0.560226 
		Input Weights 0: 0.000000 
		 Output 0.000000 
 
 		Neuron ID , del (141 ,  0.000000) 
		Output Weights 0: 3.987582 1: -0.154848 
		Input Weights 0: 0.000000 
		 Output 0.000000 
 
 		Neuron ID , del (142 ,  0.000000) 
		Output Weights 0: 0.706000 1: 0.498000 
		Input Weights 0: 0.000000 
		 Output 0.000000 
 
 		Neuron ID , del (143 ,  0.000000) 
		Output Weights 0: 0.082746 1: -0.561402 
		Input Weights 0: 0.000000 
		 Output 0.000000 
 
 		Neuron ID , del (144 ,  0.000000) 
		Output Weights 0: 4.005202 1: 0.653428 
		Input Weights 0: 0.000000 
		 Output 0.000000 
 
 		Neuron ID , del (145 ,  0.000000) 
		Output Weights 0: 0.545184 1: 0.812205 
		Input Weights 0: 0.000000 
		 Output 0.000000 
 
 		Neuron ID , del (146 ,  0.000000) 
		Output Weights 0: 0.542000 1: -0.398000 
		Input Weights 0: 0.000000 
		 Output 0.000000 
 
 		Neuron ID , del (147 ,  0.000000) 
		Output Weights 0: -0.410368 1: 0.583724 
		Input Weights 0: 0.000000 
		 Output 0.000000 
 
 		Neuron ID , del (148 ,  0.000000) 
		Output Weights 0: 1.535152 1: 0.350277 
		Input Weights 0: 0.000000 
		 Output 0.000000 
 
 		Neuron ID , del (149 ,  0.000000) 
		Output Weights 0: 0.379804 1: -0.103207 
		Input Weights 0: 0.000000 
		 Output 0.000000 
 
 		Neuron ID , del (150 ,  0.000000) 
		Output Weights 0: 0.060447 1: 0.305241 
		Input Weights 0: 0.000000 
		 Output 0.000000 
 
 		Neuron ID , del (151 ,  0.000000) 
		Output Weights 0: 0.130647 1: 0.668235 
		Input Weights 0: 0.000000 
		 Output 0.000000 
 
 		Neuron ID , del (152 ,  0.000000) 
		Output Weights 0: -3.311917 1: -0.353993 
		Input Weights 0: 0.000000 
		 Output 0.000000 
 
 		Neuron ID , del (153 ,  0.000000) 
		Output Weights 0: 0.842000 1: -0.202000 
		Input Weights 0: 0.000000 
		 Output 0.000000 
 
 		Neuron ID , del (154 ,  0.000000) 
		Output Weights 0: -0.192000 1: -0.950000 
		Input Weights 0: 0.000000 
		 Output 0.000000 
 
 		Neuron ID , del (155 ,  0.000000) 
		Output Weights 0: 1.395717 1: 0.383418 
		Input Weights 0: 0.000000 
		 Output 0.000000 
 
 		Neuron ID , del (156 ,  0.000000) 
		Output Weights 0: 0.170000 1: -0.754000 
		Input Weights 0: 0.000000 
		 Output 0.000000 
 
 		Neuron ID , del (157 ,  0.000000) 
		Output Weights 0: 1.337698 1: 0.702776 
		Input Weights 0: 0.000000 
		 Output 0.000000 
 
 		Neuron ID , del (158 ,  0.000000) 
		Output Weights 0: 1.662746 1: 0.532945 
		Input Weights 0: 0.000000 
		 Output 0.000000 
 
 		Neuron ID , del (159 ,  0.000000) 
		Output Weights 0: 0.269243 1: -0.221200 
		Input Weights 0: 0.000000 
		 Output 0.000000 
 
 		Neuron ID , del (160 ,  0.000000) 
		Output Weights 0: 0.741317 1: -0.917626 
		Input Weights 0: 0.000000 
		 Output 0.000000 
 
 		Neuron ID , del (161 ,  0.000000) 
		Output Weights 0: 0.260000 1: -0.892000 
		Input Weights 0: 0.000000 
		 Output 0.000000 
 
 		Neuron ID , del (162 ,  0.000000) 
		Output Weights 0: 2.563934 1: 0.763464 
		Input Weights 0: 0.000000 
		 Output 0.000000 
 
 		Neuron ID , del (163 ,  0.000000) 
		Output Weights 0: 3.112452 1: 0.228741 
		Input Weights 0: 0.000000 
		 Output 0.000000 
 
 		Neuron ID , del (164 ,  0.000000) 
		Output Weights 0: 0.819190 1: -0.091340 
		Input Weights 0: 0.000000 
		 Output 0.000000 
 
 		Neuron ID , del (165 ,  0.000000) 
		Output Weights 0: -0.735800 1: -0.710880 
		Input Weights 0: 0.000000 
		 Output 0.000000 
 
 		Neuron ID , del (166 ,  0.000000) 
		Output Weights 0: -1.393801 1: 0.605548 
		Input Weights 0: 0.000000 
		 Output 0.000000 
 
 		Neuron ID , del (167 ,  0.000000) 
		Output Weights 0: 0.924000 1: 0.330000 
		Input Weights 0: 0.000000 
		 Output 0.000000 
 
 		Neuron ID , del (168 ,  0.000000) 
		Output Weights 0: -0.790000 1: -0.528000 
		Input Weights 0: 0.000000 
		 Output 0.000000 
 
 		Neuron ID , del (169 ,  0.000000) 
		Output Weights 0: -0.914677 1: 0.749003 
		Input Weights 0: 0.000000 
		 Output 0.000000 
 
 		Neuron ID , del (170 ,  0.000000) 
		Output Weights 0: 0.226000 1: -0.300000 
		Input Weights 0: 0.000000 
		 Output 0.000000 
 
 		Neuron ID , del (171 ,  0.000000) 
		Output Weights 0: 1.843223 1: 0.100483 
		Input Weights 0: 0.000000 
		 Output 0.000000 
 
 		Neuron ID , del (172 ,  0.000000) 
		Output Weights 0: 3.556363 1: 0.791119 
		Input Weights 0: 0.000000 
		 Output 0.000000 
 
 		Neuron ID , del (173 ,  0.000000) 
		Output Weights 0: -1.409864 1: -0.834435 
		Input Weights 0: 0.000000 
		 Output 0.000000 
 
 		Neuron ID , del (174 ,  0.000000) 
		Output Weights 0: -0.813847 1: 0.380063 
		Input Weights 0: 0.000000 
		 Output 0.000000 
 
 		Neuron ID , del (175 ,  0.000000) 
		Output Weights 0: -2.185906 1: -0.427954 
		Input Weights 0: 0.000000 
		 Output 0.000000 
 
 		Neuron ID , del (176 ,  0.000000) 
		Output Weights 0: -0.406795 1: -0.156196 
		Input Weights 0: 0.000000 
		 Output 0.000000 
 
 		Neuron ID , del (177 ,  0.000000) 
		Output Weights 0: -0.324000 1: -0.750000 
		Input Weights 0: 0.000000 
		 Output 0.000000 
 
 		Neuron ID , del (178 ,  0.000000) 
		Output Weights 0: -0.574439 1: 0.152573 
		Input Weights 0: 0.000000 
		 Output 0.000000 
 
 		Neuron ID , del (179 ,  0.000000) 
		Output Weights 0: 0.734010 1: -0.018470 
		Input Weights 0: 0.000000 
		 Output 0.000000 
 
 		Neuron ID , del (180 ,  0.000000) 
		Output Weights 0: 4.051527 1: -0.030477 
		Input Weights 0: 0.000000 
		 Output 0.000000 
 
 		Neuron ID , del (181 ,  0.000000) 
		Output Weights 0: 2.256301 1: -0.163454 
		Input Weights 0: 0.000000 
		 Output 0.000000 
 
 		Neuron ID , del (182 ,  0.000000) 
		Output Weights 0: 1.822894 1: 0.773883 
		Input Weights 0: 0.000000 
		 Output 0.000000 
 
 		Neuron ID , del (183 ,  0.000000) 
		Output Weights 0: -0.838000 1: 0.476000 
		Input Weights 0: 0.000000 
		 Output 0.000000 
 
 		Neuron ID , del (184 ,  0.000000) 
		Output Weights 0: -0.052000 1: -0.708000 
		Input Weights 0: 0.000000 
		 Output 0.000000 
 
 		Neuron ID , del (185 ,  0.000000) 
		Output Weights 0: -3.565679 1: -0.026282 
		Input Weights 0: 0.000000 
		 Output 0.000000 
 
 		Neuron ID , del (186 ,  0.000000) 
		Output Weights 0: 4.464416 1: 0.778058 
		Input Weights 0: 0.000000 
		 Output 0.000000 
 
 		Neuron ID , del (187 ,  0.000000) 
		Output Weights 0: -0.318000 1: 0.348000 
		Input Weights 0: 0.000000 
		 Output 0.000000 
 
 		Neuron ID , del (188 ,  0.000000) 
		Output Weights 0: 1.911637 1: -0.724390 
		Input Weights 0: 0.000000 
		 Output 0.000000 
 
 		Neuron ID , del (189 ,  0.000000) 
		Output Weights 0: 2.041410 1: -0.815741 
		Input Weights 0: 0.000000 
		 Output 0.000000 
 
 		Neuron ID , del (190 ,  0.000000) 
		Output Weights 0: 2.239093 1: 0.727298 
		Input Weights 0: 0.000000 
		 Output 0.000000 
 
 		Neuron ID , del (191 ,  0.000000) 
		Output Weights 0: 0.575125 1: -0.586366 
		Input Weights 0: 0.000000 
		 Output 0.000000 
 
 		Neuron ID , del (192 ,  0.000000) 
		Output Weights 0: 0.798566 1: -0.810031 
		Input Weights 0: 0.000000 
		 Output 0.000000 
 
 		Neuron ID , del (193 ,  0.000000) 
		Output Weights 0: -1.092479 1: -0.542451 
		Input Weights 0: 0.000000 
		 Output 0.000000 
 
 		Neuron ID , del (194 ,  0.000000) 
		Output Weights 0: -0.149638 1: 0.456897 
		Input Weights 0: 0.000000 
		 Output 0.000000 
 
 		Neuron ID , del (195 ,  0.000000) 
		Output Weights 0: 2.313671 1: 0.881172 
		Input Weights 0: 0.000000 
		 Output 0.000000 
 
 		Neuron ID , del (196 ,  0.000000) 
		Output Weights 0: 1.194088 1: 0.197294 
		Input Weights 0: 0.000000 
		 Output 0.000000 
 
 		Neuron ID , del (197 ,  0.000000) 
		Output Weights 0: -1.864715 1: 0.672063 
		Input Weights 0: 0.000000 
		 Output 0.000000 
 
 		Neuron ID , del (198 ,  0.000000) 
		Output Weights 0: 0.620000 1: -0.130000 
		Input Weights 0: 0.000000 
		 Output 0.000000 
 
 		Neuron ID , del (199 ,  0.000000) 
		Output Weights 0: 2.941613 1: 0.510530 
		Input Weights 0: 0.000000 
		 Output 0.000000 
 
 		Neuron ID , del (200 ,  0.000000) 
		Output Weights 0: -0.006744 1: -0.481056 
		Input Weights 0: 0.000000 
		 Output 0.000000 
 
 		Neuron ID , del (201 ,  0.000000) 
		Output Weights 0: 0.472948 1: 0.648122 
		Input Weights 0: 0.000000 
		 Output 0.000000 
 
 		Neuron ID , del (202 ,  0.000000) 
		Output Weights 0: -0.866000 1: 0.536000 
		Input Weights 0: 0.000000 
		 Output 0.000000 
 
 		Neuron ID , del (203 ,  0.000000) 
		Output Weights 0: 1.681223 1: -0.687517 
		Input Weights 0: 0.000000 
		 Output 0.000000 
 
 		Neuron ID , del (204 ,  0.000000) 
		Output Weights 0: -0.690000 1: 0.772000 
		Input Weights 0: 0.000000 
		 Output 0.000000 
 
 		Neuron ID , del (205 ,  0.000000) 
		Output Weights 0: 0.788409 1: -0.532399 
		Input Weights 0: 0.000000 
		 Output 0.000000 
 
 		Neuron ID , del (206 ,  0.000000) 
		Output Weights 0: 0.554900 1: -0.343996 
		Input Weights 0: 0.000000 
		 Output 0.000000 
 
 		Neuron ID , del (207 ,  0.000000) 
		Output Weights 0: 0.204810 1: 0.423250 
		Input Weights 0: 0.000000 
		 Output 0.000000 
 
 		Neuron ID , del (208 ,  0.000000) 
		Output Weights 0: 4.043770 1: 0.459718 
		Input Weights 0: 0.000000 
		 Output 0.000000 
 
 		Neuron ID , del (209 ,  0.000000) 
		Output Weights 0: 0.848496 1: -0.313786 
		Input Weights 0: 0.000000 
		 Output 0.000000 
 
 		Neuron ID , del (210 ,  0.000000) 
		Output Weights 0: -0.108000 1: 0.128000 
		Input Weights 0: 0.000000 
		 Output 0.000000 
 
 		Neuron ID , del (211 ,  0.000000) 
		Output Weights 0: -0.228323 1: 0.992560 
		Input Weights 0: 0.000000 
		 Output 0.000000 
 
 		Neuron ID , del (212 ,  0.000000) 
		Output Weights 0: -0.954601 1: 0.970168 
		Input Weights 0: 0.000000 
		 Output 0.000000 
 
 		Neuron ID , del (213 ,  0.000000) 
		Output Weights 0: -1.075621 1: 0.909515 
		Input Weights 0: 0.000000 
		 Output 0.000000 
 
 		Neuron ID , del (214 ,  0.000000) 
		Output Weights 0: -0.252457 1: -0.751551 
		Input Weights 0: 0.000000 
		 Output 0.000000 
 
 		Neuron ID , del (215 ,  0.000000) 
		Output Weights 0: 2.709037 1: 0.475556 
		Input Weights 0: 0.000000 
		 Output 0.000000 
 
 		Neuron ID , del (216 ,  0.000000) 
		Output Weights 0: -0.091992 1: -0.172473 
		Input Weights 0: 0.000000 
		 Output 0.000000 
 
 		Neuron ID , del (217 ,  0.000000) 
		Output Weights 0: 0.033839 1: 0.492993 
		Input Weights 0: 0.000000 
		 Output 0.000000 
 
 		Neuron ID , del (218 ,  0.000000) 
		Output Weights 0: -0.036000 1: 0.302000 
		Input Weights 0: 0.000000 
		 Output 0.000000 
 
 		Neuron ID , del (219 ,  0.000000) 
		Output Weights 0: 0.031475 1: 0.341490 
		Input Weights 0: 0.000000 
		 Output 0.000000 
 
 		Neuron ID , del (220 ,  0.000000) 
		Output Weights 0: 3.588311 1: -0.496408 
		Input Weights 0: 0.000000 
		 Output 0.000000 
 
 		Neuron ID , del (221 ,  0.000000) 
		Output Weights 0: 0.951165 1: 0.970384 
		Input Weights 0: 0.000000 
		 Output 0.000000 
 
 		Neuron ID , del (222 ,  0.000000) 
		Output Weights 0: 0.851891 1: 0.972521 
		Input Weights 0: 0.000000 
		 Output 0.000000 
 
 		Neuron ID , del (223 ,  0.000000) 
		Output Weights 0: 0.108679 1: 0.243534 
		Input Weights 0: 0.000000 
		 Output 0.000000 
 
 		Neuron ID , del (224 ,  0.000000) 
		Output Weights 0: -1.145392 1: 0.246861 
		Input Weights 0: 0.000000 
		 Output 1.000000 
 
 		Neuron ID , del (225 ,  0.000000) 
		Output Weights 0: 1.720932 1: 0.141735 
		Input Weights 0: 0.000000 
		 Output 0.000000 
 
 		Neuron ID , del (226 ,  0.000000) 
		Output Weights 0: 0.050000 1: 0.888000 
		Input Weights 0: 0.000000 
		 Output 0.000000 
 
 		Neuron ID , del (227 ,  0.000000) 
		Output Weights 0: 1.761868 1: 0.344378 
		Input Weights 0: 0.000000 
		 Output 0.000000 
 
 		Neuron ID , del (228 ,  0.000000) 
		Output Weights 0: 0.858000 1: 0.326000 
		Input Weights 0: 0.000000 
		 Output 0.000000 
 
 		Neuron ID , del (229 ,  0.000000) 
		Output Weights 0: 2.921707 1: 0.430128 
		Input Weights 0: 0.000000 
		 Output 0.000000 
 
 		Neuron ID , del (230 ,  0.000000) 
		Output Weights 0: -1.257204 1: 0.800766 
		Input Weights 0: 0.000000 
		 Output 0.000000 
 
 		Neuron ID , del (231 ,  0.000000) 
		Output Weights 0: 1.538252 1: -0.696343 
		Input Weights 0: 0.000000 
		 Output 0.000000 
 
 		Neuron ID , del (232 ,  0.000000) 
		Output Weights 0: 0.621207 1: 0.213266 
		Input Weights 0: 0.000000 
		 Output 0.000000 
 
 		Neuron ID , del (233 ,  0.000000) 
		Output Weights 0: -0.879139 1: -0.683037 
		Input Weights 0: 0.000000 
		 Output 0.000000 
 
 		Neuron ID , del (234 ,  0.000000) 
		Output Weights 0: -1.713476 1: 0.010803 
		Input Weights 0: 0.000000 
		 Output 0.000000 
 
 		Neuron ID , del (235 ,  0.000000) 
		Output Weights 0: -1.619329 1: 0.028032 
		Input Weights 0: 0.000000 
		 Output 0.000000 
 
 		Neuron ID , del (236 ,  0.000000) 
		Output Weights 0: 0.406000 1: 0.896000 
		Input Weights 0: 0.000000 
		 Output 0.000000 
 
 		Neuron ID , del (237 ,  0.000000) 
		Output Weights 0: 2.507956 1: 0.183523 
		Input Weights 0: 0.000000 
		 Output 0.000000 
 
 		Neuron ID , del (238 ,  0.000000) 
		Output Weights 0: -1.500079 1: 0.072932 
		Input Weights 0: 0.000000 
		 Output 0.000000 
 
 		Neuron ID , del (239 ,  0.000000) 
		Output Weights 0: 2.054737 1: -0.355232 
		Input Weights 0: 0.000000 
		 Output 0.000000 
 
 		Neuron ID , del (240 ,  0.000000) 
		Output Weights 0: -0.740000 1: 0.738000 
		Input Weights 0: 0.000000 
		 Output 0.000000 
 
 		Neuron ID , del (241 ,  0.000000) 
		Output Weights 0: -2.224641 1: 0.342421 
		Input Weights 0: 0.000000 
		 Output 0.000000 
 
 		Neuron ID , del (242 ,  0.000000) 
		Output Weights 0: 1.182673 1: 0.270334 
		Input Weights 0: 0.000000 
		 Output 0.000000 
 
 		Neuron ID , del (243 ,  0.000000) 
		Output Weights 0: 0.340000 1: -0.810000 
		Input Weights 0: 0.000000 
		 Output 0.000000 
 
 		Neuron ID , del (244 ,  0.000000) 
		Output Weights 0: 0.957624 1: 0.969096 
		Input Weights 0: 0.000000 
		 Output 0.000000 
 
 		Neuron ID , del (245 ,  0.000000) 
		Output Weights 0: 0.064200 1: -0.748880 
		Input Weights 0: 0.000000 
		 Output 0.000000 
 
 		Neuron ID , del (246 ,  0.000000) 
		Output Weights 0: -0.542000 1: 0.116000 
		Input Weights 0: 0.000000 
		 Output 0.000000 
 
 		Neuron ID , del (247 ,  0.000000) 
		Output Weights 0: -0.730397 1: 0.691148 
		Input Weights 0: 0.000000 
		 Output 0.000000 
 
 		Neuron ID , del (248 ,  0.000000) 
		Output Weights 0: 1.266620 1: 0.063676 
		Input Weights 0: 0.000000 
		 Output 0.000000 
 
 		Neuron ID , del (249 ,  0.000000) 
		Output Weights 0: 2.251312 1: 0.580875 
		Input Weights 0: 0.000000 
		 Output 0.000000 
 
 		Neuron ID , del (250 ,  0.000000) 
		Output Weights 0: 2.770416 1: -0.887942 
		Input Weights 0: 0.000000 
		 Output 0.000000 
 
 		Neuron ID , del (251 ,  0.000000) 
		Output Weights 0: 0.222000 1: 0.410000 
		Input Weights 0: 0.000000 
		 Output 0.000000 
 
 		Neuron ID , del (252 ,  0.000000) 
		Output Weights 0: 0.912000 1: -0.826000 
		Input Weights 0: 0.000000 
		 Output 0.000000 
 
 		Neuron ID , del (253 ,  0.000000) 
		Output Weights 0: 0.743099 1: 0.138522 
		Input Weights 0: 0.000000 
		 Output 0.000000 
 
 		Neuron ID , del (254 ,  0.000000) 
		Output Weights 0: 0.452701 1: -0.486538 
		Input Weights 0: 0.000000 
		 Output 0.000000 
 
 		Neuron ID , del (255 ,  0.000000) 
		Output Weights 0: -2.489151 1: -0.734034 
		Input Weights 0: 0.000000 
		 Output 0.000000 
 
 		Neuron ID , del (256 ,  0.000000) 
		Output Weights 0: 0.523574 1: -0.941438 
		Input Weights 0: 0.000000 
		 Output 0.000000 
 
 		Neuron ID , del (257 ,  0.000000) 
		Output Weights 0: -0.806512 1: 0.193307 
		Input Weights 0: 0.000000 
		 Output 0.000000 
 
 		Neuron ID , del (258 ,  0.000000) 
		Output Weights 0: 1.729221 1: 0.544273 
		Input Weights 0: 0.000000 
		 Output 0.000000 
 
 		Neuron ID , del (259 ,  0.000000) 
		Output Weights 0: 0.416763 1: 0.326802 
		Input Weights 0: 0.000000 
		 Output 1.000000 
 
 		Neuron ID , del (260 ,  0.000000) 
		Output Weights 0: -0.792000 1: 0.658000 
		Input Weights 0: 0.000000 
		 Output 0.000000 
 
 		Neuron ID , del (261 ,  0.000000) 
		Output Weights 0: 4.640555 1: -0.087281 
		Input Weights 0: 0.000000 
		 Output 0.000000 
 
 		Neuron ID , del (262 ,  0.000000) 
		Output Weights 0: 1.161118 1: -0.007607 
		Input Weights 0: 0.000000 
		 Output 0.000000 
 
 		Neuron ID , del (263 ,  0.000000) 
		Output Weights 0: -4.037842 1: 0.802777 
		Input Weights 0: 0.000000 
		 Output 0.000000 
 
 		Neuron ID , del (264 ,  0.000000) 
		Output Weights 0: 0.720160 1: -0.041624 
		Input Weights 0: 0.000000 
		 Output 0.000000 
 
 		Neuron ID , del (265 ,  0.000000) 
		Output Weights 0: -0.968000 1: 0.714000 
		Input Weights 0: 0.000000 
		 Output 0.000000 
 
 		Neuron ID , del (266 ,  0.000000) 
		Output Weights 0: -3.579741 1: 0.961589 
		Input Weights 0: 0.000000 
		 Output 0.000000 
 
 		Neuron ID , del (267 ,  0.000000) 
		Output Weights 0: 0.828000 1: 0.536000 
		Input Weights 0: 0.000000 
		 Output 0.000000 
 
 		Neuron ID , del (268 ,  0.000000) 
		Output Weights 0: 1.063277 1: 0.814276 
		Input Weights 0: 0.000000 
		 Output 0.000000 
 
 		Neuron ID , del (269 ,  0.000000) 
		Output Weights 0: -0.428216 1: -0.219141 
		Input Weights 0: 0.000000 
		 Output 0.000000 
 
 		Neuron ID , del (270 ,  0.000000) 
		Output Weights 0: -0.088000 1: 0.124000 
		Input Weights 0: 0.000000 
		 Output 0.000000 
 
 		Neuron ID , del (271 ,  0.000000) 
		Output Weights 0: 4.876223 1: 0.761155 
		Input Weights 0: 0.000000 
		 Output 0.000000 
 
 		Neuron ID , del (272 ,  0.000000) 
		Output Weights 0: 0.328200 1: 0.175120 
		Input Weights 0: 0.000000 
		 Output 0.000000 
 
 		Neuron ID , del (273 ,  0.000000) 
		Output Weights 0: -3.341461 1: 0.879946 
		Input Weights 0: 0.000000 
		 Output 0.000000 
 
 		Neuron ID , del (274 ,  0.000000) 
		Output Weights 0: 1.063805 1: 0.003151 
		Input Weights 0: 0.000000 
		 Output 0.000000 
 
 		Neuron ID , del (275 ,  0.000000) 
		Output Weights 0: 0.865311 1: 0.595711 
		Input Weights 0: 0.000000 
		 Output 0.000000 
 
 		Neuron ID , del (276 ,  0.000000) 
		Output Weights 0: 0.702734 1: -0.903234 
		Input Weights 0: 0.000000 
		 Output 0.000000 
 
 		Neuron ID , del (277 ,  0.000000) 
		Output Weights 0: -0.036000 1: -0.176000 
		Input Weights 0: 0.000000 
		 Output 0.000000 
 
 		Neuron ID , del (278 ,  0.000000) 
		Output Weights 0: 0.441226 1: 0.311577 
		Input Weights 0: 0.000000 
		 Output 0.000000 
 
 		Neuron ID , del (279 ,  0.000000) 
		Output Weights 0: 0.328000 1: 0.830000 
		Input Weights 0: 0.000000 
		 Output 0.000000 
 
 		Neuron ID , del (280 ,  0.000000) 
		Output Weights 0: -1.195537 1: 0.389748 
		Input Weights 0: 0.000000 
		 Output 0.000000 
 
 		Neuron ID , del (281 ,  0.000000) 
		Output Weights 0: -0.752000 1: 0.130000 
		Input Weights 0: 0.000000 
		 Output 0.000000 
 
 		Neuron ID , del (282 ,  0.000000) 
		Output Weights 0: 1.430615 1: -0.813636 
		Input Weights 0: 0.000000 
		 Output 0.000000 
 
 		Neuron ID , del (283 ,  0.000000) 
		Output Weights 0: -0.334000 1: -0.842000 
		Input Weights 0: 0.000000 
		 Output 0.000000 
 
 		Neuron ID , del (284 ,  0.000000) 
		Output Weights 0: -2.624500 1: -0.915370 
		Input Weights 0: 0.000000 
		 Output 0.000000 
 
 		Neuron ID , del (285 ,  0.000000) 
		Output Weights 0: 3.095399 1: 0.521457 
		Input Weights 0: 0.000000 
		 Output 0.000000 
 
 		Neuron ID , del (286 ,  0.000000) 
		Output Weights 0: 1.060597 1: -0.414544 
		Input Weights 0: 0.000000 
		 Output 0.000000 
 
 		Neuron ID , del (287 ,  0.000000) 
		Output Weights 0: 1.367207 1: 0.741266 
		Input Weights 0: 0.000000 
		 Output 0.000000 
 
 		Neuron ID , del (288 ,  0.000000) 
		Output Weights 0: 1.485571 1: 0.657781 
		Input Weights 0: 0.000000 
		 Output 0.000000 
 
 		Neuron ID , del (289 ,  0.000000) 
		Output Weights 0: -1.100580 1: -0.415095 
		Input Weights 0: 0.000000 
		 Output 0.000000 
 
 		Neuron ID , del (290 ,  0.000000) 
		Output Weights 0: 0.272000 1: -0.904000 
		Input Weights 0: 0.000000 
		 Output 0.000000 
 
 		Neuron ID , del (291 ,  0.000000) 
		Output Weights 0: 3.808100 1: -0.350453 
		Input Weights 0: 0.000000 
		 Output 0.000000 
 
 		Neuron ID , del (292 ,  0.000000) 
		Output Weights 0: -1.065617 1: 0.172059 
		Input Weights 0: 0.000000 
		 Output 0.000000 
 
 		Neuron ID , del (293 ,  0.000000) 
		Output Weights 0: 2.387361 1: 0.009113 
		Input Weights 0: 0.000000 
		 Output 0.000000 
 
 		Neuron ID , del (294 ,  0.000000) 
		Output Weights 0: 0.068000 1: -0.228000 
		Input Weights 0: 0.000000 
		 Output 0.000000 
 
 		Neuron ID , del (295 ,  0.000000) 
		Output Weights 0: 0.819223 1: 0.982483 
		Input Weights 0: 0.000000 
		 Output 0.000000 
 
 		Neuron ID , del (296 ,  0.000000) 
		Output Weights 0: -0.164000 1: 0.004000 
		Input Weights 0: 0.000000 
		 Output 0.000000 
 
 		Neuron ID , del (297 ,  0.000000) 
		Output Weights 0: 0.854688 1: -0.116523 
		Input Weights 0: 0.000000 
		 Output 0.000000 
 
 		Neuron ID , del (298 ,  0.000000) 
		Output Weights 0: -0.737392 1: -0.487139 
		Input Weights 0: 0.000000 
		 Output 0.000000 
 
 		Neuron ID , del (299 ,  0.000000) 
		Output Weights 0: 2.956976 1: -0.601417 
		Input Weights 0: 0.000000 
		 Output 0.000000 
 
 		Neuron ID , del (300 ,  0.000000) 
		Output Weights 0: 1.518677 1: 0.353303 
		Input Weights 0: 0.000000 
		 Output 0.000000 
 
 		Neuron ID , del (301 ,  0.000000) 
		Output Weights 0: 2.331925 1: -0.576681 
		Input Weights 0: 0.000000 
		 Output 0.000000 
 
 		Neuron ID , del (302 ,  0.000000) 
		Output Weights 0: -1.199094 1: -0.429088 
		Input Weights 0: 0.000000 
		 Output 0.000000 
 
 		Neuron ID , del (303 ,  0.000000) 
		Output Weights 0: 1.470253 1: 0.168958 
		Input Weights 0: 0.000000 
		 Output 0.000000 
 
 		Neuron ID , del (304 ,  0.000000) 
		Output Weights 0: -0.856000 1: 0.120000 
		Input Weights 0: 0.000000 
		 Output 0.000000 
 
 		Neuron ID , del (305 ,  0.000000) 
		Output Weights 0: 0.745004 1: 0.430549 
		Input Weights 0: 0.000000 
		 Output 0.000000 
 
 		Neuron ID , del (306 ,  0.000000) 
		Output Weights 0: 1.664920 1: -0.661785 
		Input Weights 0: 0.000000 
		 Output 0.000000 
 
 		Neuron ID , del (307 ,  0.000000) 
		Output Weights 0: 3.214293 1: 0.468549 
		Input Weights 0: 0.000000 
		 Output 0.000000 
 
 		Neuron ID , del (308 ,  0.000000) 
		Output Weights 0: 3.640526 1: -0.752743 
		Input Weights 0: 0.000000 
		 Output 0.000000 
 
 		Neuron ID , del (309 ,  0.000000) 
		Output Weights 0: 1.701258 1: 0.155790 
		Input Weights 0: 0.000000 
		 Output 0.000000 
 
 		Neuron ID , del (310 ,  0.000000) 
		Output Weights 0: 0.660217 1: 0.821260 
		Input Weights 0: 0.000000 
		 Output 0.000000 
 
 		Neuron ID , del (311 ,  0.000000) 
		Output Weights 0: 6.049169 1: 0.372007 
		Input Weights 0: 0.000000 
		 Output 0.000000 
 
 		Neuron ID , del (312 ,  0.000000) 
		Output Weights 0: 0.713815 1: 0.656411 
		Input Weights 0: 0.000000 
		 Output 0.000000 
 
 		Neuron ID , del (313 ,  0.000000) 
		Output Weights 0: -1.585126 1: 0.334491 
		Input Weights 0: 0.000000 
		 Output 0.000000 
 
 		Neuron ID , del (314 ,  0.000000) 
		Output Weights 0: -0.181918 1: -0.497300 
		Input Weights 0: 0.000000 
		 Output 0.000000 
 
 		Neuron ID , del (315 ,  0.000000) 
		Output Weights 0: 1.857343 1: -0.764191 
		Input Weights 0: 0.000000 
		 Output 0.000000 
 
 		Neuron ID , del (316 ,  0.000000) 
		Output Weights 0: -0.747997 1: 0.711558 
		Input Weights 0: 0.000000 
		 Output 0.000000 
 
 		Neuron ID , del (317 ,  0.000000) 
		Output Weights 0: 3.190523 1: -0.521417 
		Input Weights 0: 0.000000 
		 Output 0.000000 
 
 		Neuron ID , del (318 ,  0.000000) 
		Output Weights 0: 2.399758 1: -0.957014 
		Input Weights 0: 0.000000 
		 Output 0.000000 
 
 		Neuron ID , del (319 ,  0.000000) 
		Output Weights 0: 4.399950 1: 0.109644 
		Input Weights 0: 0.000000 
		 Output 0.000000 
 
 		Neuron ID , del (320 ,  0.000000) 
		Output Weights 0: 0.150000 1: 0.702000 
		Input Weights 0: 0.000000 
		 Output 0.000000 
 
 		Neuron ID , del (321 ,  0.000000) 
		Output Weights 0: -0.828925 1: 0.779646 
		Input Weights 0: 0.000000 
		 Output 0.000000 
 
 		Neuron ID , del (322 ,  0.000000) 
		Output Weights 0: 5.299750 1: 0.408689 
		Input Weights 0: 0.000000 
		 Output 0.000000 
 
 		Neuron ID , del (323 ,  0.000000) 
		Output Weights 0: 1.231354 1: -0.847071 
		Input Weights 0: 0.000000 
		 Output 0.000000 
 
 		Neuron ID , del (324 ,  0.000000) 
		Output Weights 0: -0.971456 1: -0.539045 
		Input Weights 0: 0.000000 
		 Output 0.000000 
 
 		Neuron ID , del (325 ,  0.000000) 
		Output Weights 0: 0.962000 1: 0.810000 
		Input Weights 0: 0.000000 
		 Output 0.000000 
 
 		Neuron ID , del (326 ,  0.000000) 
		Output Weights 0: -0.206000 1: 0.800000 
		Input Weights 0: 0.000000 
		 Output 0.000000 
 
 		Neuron ID , del (327 ,  0.000000) 
		Output Weights 0: 2.559906 1: -0.651596 
		Input Weights 0: 0.000000 
		 Output 0.000000 
 
 		Neuron ID , del (328 ,  0.000000) 
		Output Weights 0: 0.322051 1: 0.781710 
		Input Weights 0: 0.000000 
		 Output 0.000000 
 
 		Neuron ID , del (329 ,  0.000000) 
		Output Weights 0: -0.134525 1: 0.071490 
		Input Weights 0: 0.000000 
		 Output 0.000000 
 
 		Neuron ID , del (330 ,  0.000000) 
		Output Weights 0: 0.936800 1: -0.069263 
		Input Weights 0: 0.000000 
		 Output 0.000000 
 
 		Neuron ID , del (331 ,  0.000000) 
		Output Weights 0: -0.751002 1: -0.158097 
		Input Weights 0: 0.000000 
		 Output 0.000000 
 
 		Neuron ID , del (332 ,  0.000000) 
		Output Weights 0: 0.889553 1: -0.722771 
		Input Weights 0: 0.000000 
		 Output 0.000000 
 
 		Neuron ID , del (333 ,  0.000000) 
		Output Weights 0: 3.326307 1: 0.414465 
		Input Weights 0: 0.000000 
		 Output 0.000000 
 
 		Neuron ID , del (334 ,  0.000000) 
		Output Weights 0: -0.387195 1: 0.436353 
		Input Weights 0: 0.000000 
		 Output 0.000000 
 
 		Neuron ID , del (335 ,  0.000000) 
		Output Weights 0: -0.296627 1: -0.762804 
		Input Weights 0: 0.000000 
		 Output 0.000000 
 
 		Neuron ID , del (336 ,  0.000000) 
		Output Weights 0: 0.901748 1: 0.780291 
		Input Weights 0: 0.000000 
		 Output 0.000000 
 
 		Neuron ID , del (337 ,  0.000000) 
		Output Weights 0: 4.345637 1: 0.867939 
		Input Weights 0: 0.000000 
		 Output 0.000000 
 
 		Neuron ID , del (338 ,  0.000000) 
		Output Weights 0: 0.002000 1: 0.846000 
		Input Weights 0: 0.000000 
		 Output 0.000000 
 
 		Neuron ID , del (339 ,  0.000000) 
		Output Weights 0: -0.330000 1: 0.856000 
		Input Weights 0: 0.000000 
		 Output 0.000000 
 
 		Neuron ID , del (340 ,  0.000000) 
		Output Weights 0: 0.459396 1: -0.359314 
		Input Weights 0: 0.000000 
		 Output 0.000000 
 
 		Neuron ID , del (341 ,  0.000000) 
		Output Weights 0: -0.628000 1: 0.616000 
		Input Weights 0: 0.000000 
		 Output 0.000000 
 
 		Neuron ID , del (342 ,  0.000000) 
		Output Weights 0: 0.136000 1: -0.912000 
		Input Weights 0: 0.000000 
		 Output 0.000000 
 
 		Neuron ID , del (343 ,  0.000000) 
		Output Weights 0: -0.257402 1: -0.979764 
		Input Weights 0: 0.000000 
		 Output 0.000000 
 
 		Neuron ID , del (344 ,  0.000000) 
		Output Weights 0: 0.314920 1: -0.699785 
		Input Weights 0: 0.000000 
		 Output 0.000000 
 
 		Neuron ID , del (345 ,  0.000000) 
		Output Weights 0: 0.006000 1: 0.540000 
		Input Weights 0: 0.000000 
		 Output 0.000000 
 
 		Neuron ID , del (346 ,  0.000000) 
		Output Weights 0: 1.421704 1: -0.776762 
		Input Weights 0: 0.000000 
		 Output 0.000000 
 
 		Neuron ID , del (347 ,  0.000000) 
		Output Weights 0: 1.653381 1: -0.083538 
		Input Weights 0: 0.000000 
		 Output 0.000000 
 
 		Neuron ID , del (348 ,  0.000000) 
		Output Weights 0: 0.833342 1: -0.593279 
		Input Weights 0: 0.000000 
		 Output 0.000000 
 
 		Neuron ID , del (349 ,  0.000000) 
		Output Weights 0: 2.383864 1: 0.431157 
		Input Weights 0: 0.000000 
		 Output 0.000000 
 
 		Neuron ID , del (350 ,  0.000000) 
		Output Weights 0: 3.126777 1: -0.179696 
		Input Weights 0: 0.000000 
		 Output 0.000000 
 
 		Neuron ID , del (351 ,  0.000000) 
		Output Weights 0: 1.638778 1: -0.650532 
		Input Weights 0: 0.000000 
		 Output 0.000000 
 
 		Neuron ID , del (352 ,  0.000000) 
		Output Weights 0: -0.979807 1: -0.447250 
		Input Weights 0: 0.000000 
		 Output 0.000000 
 
 		Neuron ID , del (353 ,  0.000000) 
		Output Weights 0: -1.819358 1: -0.733032 
		Input Weights 0: 0.000000 
		 Output 0.000000 
 
 		Neuron ID , del (354 ,  0.000000) 
		Output Weights 0: 0.681880 1: -0.181565 
		Input Weights 0: 0.000000 
		 Output 0.000000 
 
 		Neuron ID , del (355 ,  0.000000) 
		Output Weights 0: -0.900000 1: -0.160000 
		Input Weights 0: 0.000000 
		 Output 0.000000 
 
 		Neuron ID , del (356 ,  0.000000) 
		Output Weights 0: -3.908261 1: -0.495639 
		Input Weights 0: 0.000000 
		 Output 1.000000 
 
 		Neuron ID , del (357 ,  0.000000) 
		Output Weights 0: -0.386244 1: 0.984264 
		Input Weights 0: 0.000000 
		 Output 0.000000 
 
 		Neuron ID , del (358 ,  0.000000) 
		Output Weights 0: -1.275002 1: 0.139903 
		Input Weights 0: 0.000000 
		 Output 0.000000 
 
 		Neuron ID , del (359 ,  0.000000) 
		Output Weights 0: 2.037746 1: 0.865336 
		Input Weights 0: 0.000000 
		 Output 0.000000 
 
 		Neuron ID , del (360 ,  0.000000) 
		Output Weights 0: 0.471243 1: -0.002560 
		Input Weights 0: 0.000000 
		 Output 0.000000 
 
 		Neuron ID , del (361 ,  0.000000) 
		Output Weights 0: 6.859237 1: 0.822043 
		Input Weights 0: 0.000000 
		 Output 0.000000 
 
 		Neuron ID , del (362 ,  0.000000) 
		Output Weights 0: 0.784000 1: 0.720000 
		Input Weights 0: 0.000000 
		 Output 0.000000 
 
 		Neuron ID , del (363 ,  0.000000) 
		Output Weights 0: 2.913222 1: -0.547448 
		Input Weights 0: 0.000000 
		 Output 0.000000 
 
 		Neuron ID , del (364 ,  0.000000) 
		Output Weights 0: -0.272000 1: -0.012000 
		Input Weights 0: 0.000000 
		 Output 0.000000 
 
 		Neuron ID , del (365 ,  0.000000) 
		Output Weights 0: 1.935152 1: 0.868277 
		Input Weights 0: 0.000000 
		 Output 0.000000 
 
 		Neuron ID , del (366 ,  0.000000) 
		Output Weights 0: -0.479510 1: 0.759829 
		Input Weights 0: 0.000000 
		 Output 0.000000 
 
 		Neuron ID , del (367 ,  0.000000) 
		Output Weights 0: 1.458555 1: 0.045927 
		Input Weights 0: 0.000000 
		 Output 0.000000 
 
 		Neuron ID , del (368 ,  0.000000) 
		Output Weights 0: -1.668801 1: 0.807988 
		Input Weights 0: 0.000000 
		 Output 0.000000 
 
 		Neuron ID , del (369 ,  0.000000) 
		Output Weights 0: 0.981635 1: -0.331267 
		Input Weights 0: 0.000000 
		 Output 0.000000 
 
 		Neuron ID , del (370 ,  0.000000) 
		Output Weights 0: 1.967418 1: -0.855749 
		Input Weights 0: 0.000000 
		 Output 0.000000 
 
 		Neuron ID , del (371 ,  0.000000) 
		Output Weights 0: -1.083021 1: 0.978568 
		Input Weights 0: 0.000000 
		 Output 0.000000 
 
 		Neuron ID , del (372 ,  0.000000) 
		Output Weights 0: 0.250000 1: 0.356000 
		Input Weights 0: 0.000000 
		 Output 0.000000 
 
 		Neuron ID , del (373 ,  0.000000) 
		Output Weights 0: 0.906000 1: -0.486000 
		Input Weights 0: 0.000000 
		 Output 0.000000 
 
 		Neuron ID , del (374 ,  0.000000) 
		Output Weights 0: 1.014894 1: -0.406117 
		Input Weights 0: 0.000000 
		 Output 0.000000 
 
 		Neuron ID , del (375 ,  0.000000) 
		Output Weights 0: 5.761069 1: -0.416433 
		Input Weights 0: 0.000000 
		 Output 0.000000 
 
 		Neuron ID , del (376 ,  0.000000) 
		Output Weights 0: -0.714000 1: 0.722000 
		Input Weights 0: 0.000000 
		 Output 0.000000 
 
 		Neuron ID , del (377 ,  0.000000) 
		Output Weights 0: 0.254052 1: -0.746483 
		Input Weights 0: 0.000000 
		 Output 0.000000 
 
 		Neuron ID , del (378 ,  0.000000) 
		Output Weights 0: -1.618864 1: 0.075456 
		Input Weights 0: 0.000000 
		 Output 0.000000 
 
 		Neuron ID , del (379 ,  0.000000) 
		Output Weights 0: -0.782000 1: 0.580000 
		Input Weights 0: 0.000000 
		 Output 0.000000 
 
 		Neuron ID , del (380 ,  0.000000) 
		Output Weights 0: -0.940000 1: -0.556000 
		Input Weights 0: 0.000000 
		 Output 0.000000 
 
 		Neuron ID , del (381 ,  0.000000) 
		Output Weights 0: 0.113151 1: -0.426558 
		Input Weights 0: 0.000000 
		 Output 0.000000 
 
 		Neuron ID , del (382 ,  0.000000) 
		Output Weights 0: 0.308778 1: 0.667468 
		Input Weights 0: 0.000000 
		 Output 0.000000 
 
 		Neuron ID , del (383 ,  0.000000) 
		Output Weights 0: 1.634697 1: -0.144149 
		Input Weights 0: 0.000000 
		 Output 0.000000 
 
 		Neuron ID , del (384 ,  0.000000) 
		Output Weights 0: 1.763222 1: -0.645158 
		Input Weights 0: 0.000000 
		 Output 0.000000 
 
 		Neuron ID , del (385 ,  0.000000) 
		Output Weights 0: 1.398158 1: 0.650215 
		Input Weights 0: 0.000000 
		 Output 0.000000 
 
 		Neuron ID , del (386 ,  0.000000) 
		Output Weights 0: 0.032000 1: -0.614000 
		Input Weights 0: 0.000000 
		 Output 0.000000 
 
 		Neuron ID , del (387 ,  0.000000) 
		Output Weights 0: 2.165410 1: -0.713741 
		Input Weights 0: 0.000000 
		 Output 0.000000 
 
 		Neuron ID , del (388 ,  0.000000) 
		Output Weights 0: 1.637110 1: -0.109143 
		Input Weights 0: 0.000000 
		 Output 0.000000 
 
 		Neuron ID , del (389 ,  0.000000) 
		Output Weights 0: 0.504287 1: -0.784437 
		Input Weights 0: 0.000000 
		 Output 0.000000 
 
 		Neuron ID , del (390 ,  0.000000) 
		Output Weights 0: -0.934070 1: 0.854665 
		Input Weights 0: 0.000000 
		 Output 0.000000 
 
 		Neuron ID , del (391 ,  0.000000) 
		Output Weights 0: 0.700107 1: -0.450419 
		Input Weights 0: 0.000000 
		 Output 0.000000 
 
 		Neuron ID , del (392 ,  0.000000) 
		Output Weights 0: 0.532065 1: 0.822511 
		Input Weights 0: 0.000000 
		 Output 0.000000 
 
 		Neuron ID , del (393 ,  0.000000) 
		Output Weights 0: 1.438208 1: -0.524251 
		Input Weights 0: 0.000000 
		 Output 0.000000 
 
 		Neuron ID , del (394 ,  0.000000) 
		Output Weights 0: 0.638920 1: 0.478215 
		Input Weights 0: 0.000000 
		 Output 0.000000 
 
 		Neuron ID , del (395 ,  0.000000) 
		Output Weights 0: 0.178546 1: 0.692145 
		Input Weights 0: 0.000000 
		 Output 0.000000 
 
 		Neuron ID , del (396 ,  0.000000) 
		Output Weights 0: -0.388000 1: 0.452000 
		Input Weights 0: 0.000000 
		 Output 0.000000 
 
 		Neuron ID , del (397 ,  0.000000) 
		Output Weights 0: 0.571128 1: 0.518882 
		Input Weights 0: 0.000000 
		 Output 0.000000 
 
 		Neuron ID , del (398 ,  0.000000) 
		Output Weights 0: 2.508251 1: 0.303398 
		Input Weights 0: 0.000000 
		 Output 0.000000 
 
 		Neuron ID , del (399 ,  0.000000) 
		Output Weights 0: -0.327507 1: -0.631647 
		Input Weights 0: 0.000000 
		 Output 0.000000 
 
 		Neuron ID , del (400 ,  0.000000) 
		Output Weights 0: -2.549837 1: -0.444096 
		Input Weights 0: 0.000000 
		 Output 0.000000 
 
 		Neuron ID , del (401 ,  0.000000) 
		Output Weights 0: -0.669245 1: 0.200301 
		Input Weights 0: 0.000000 
		 Output 0.000000 
 
 		Neuron ID , del (402 ,  0.000000) 
		Output Weights 0: 0.149160 1: 0.063605 
		Input Weights 0: 0.000000 
		 Output 0.000000 
 
 		Neuron ID , del (403 ,  0.000000) 
		Output Weights 0: 2.795627 1: 0.379633 
		Input Weights 0: 0.000000 
		 Output 1.000000 
 
 		Neuron ID , del (404 ,  0.000000) 
		Output Weights 0: -2.874639 1: 0.678427 
		Input Weights 0: 0.000000 
		 Output 0.000000 
 
 		Neuron ID , del (405 ,  0.000000) 
		Output Weights 0: 0.578000 1: -0.278000 
		Input Weights 0: 0.000000 
		 Output 0.000000 
 
 		Neuron ID , del (406 ,  0.000000) 
		Output Weights 0: -1.227219 1: 0.040263 
		Input Weights 0: 0.000000 
		 Output 0.000000 
 
 		Neuron ID , del (407 ,  0.000000) 
		Output Weights 0: 0.321122 1: 0.798159 
		Input Weights 0: 0.000000 
		 Output 0.000000 
 
 		Neuron ID , del (408 ,  0.000000) 
		Output Weights 0: -2.191120 1: -0.487465 
		Input Weights 0: 0.000000 
		 Output 0.000000 
 
 		Neuron ID , del (409 ,  0.000000) 
		Output Weights 0: 1.436746 1: 0.180945 
		Input Weights 0: 0.000000 
		 Output 0.000000 
 
 		Neuron ID , del (410 ,  0.000000) 
		Output Weights 0: 1.521047 1: -0.547673 
		Input Weights 0: 0.000000 
		 Output 0.000000 
 
 		Neuron ID , del (411 ,  0.000000) 
		Output Weights 0: 0.684072 1: -0.484837 
		Input Weights 0: 0.000000 
		 Output 0.000000 
 
 		Neuron ID , del (412 ,  0.000000) 
		Output Weights 0: 0.952779 1: -0.537178 
		Input Weights 0: 0.000000 
		 Output 0.000000 
 
 		Neuron ID , del (413 ,  0.000000) 
		Output Weights 0: 0.263717 1: -0.840582 
		Input Weights 0: 0.000000 
		 Output 0.000000 
 
 		Neuron ID , del (414 ,  0.000000) 
		Output Weights 0: 2.381916 1: 0.127364 
		Input Weights 0: 0.000000 
		 Output 0.000000 
 
 		Neuron ID , del (415 ,  0.000000) 
		Output Weights 0: 1.018779 1: -0.489178 
		Input Weights 0: 0.000000 
		 Output 0.000000 
 
 		Neuron ID , del (416 ,  0.000000) 
		Output Weights 0: -2.326690 1: 0.129746 
		Input Weights 0: 0.000000 
		 Output 0.000000 
 
 		Neuron ID , del (417 ,  0.000000) 
		Output Weights 0: -0.681382 1: 0.976359 
		Input Weights 0: 0.000000 
		 Output 0.000000 
 
 		Neuron ID , del (418 ,  0.000000) 
		Output Weights 0: -2.377416 1: -0.456876 
		Input Weights 0: 0.000000 
		 Output 0.000000 
 
 		Neuron ID , del (419 ,  0.000000) 
		Output Weights 0: 0.354000 1: 0.310000 
		Input Weights 0: 0.000000 
		 Output 0.000000 
 
 		Neuron ID , del (420 ,  0.000000) 
		Output Weights 0: 0.033787 1: 0.637520 
		Input Weights 0: 0.000000 
		 Output 0.000000 
 
 		Neuron ID , del (421 ,  0.000000) 
		Output Weights 0: -0.966000 1: 0.732000 
		Input Weights 0: 0.000000 
		 Output 0.000000 
 
 		Neuron ID , del (422 ,  0.000000) 
		Output Weights 0: -0.334000 1: 0.930000 
		Input Weights 0: 0.000000 
		 Output 0.000000 
 
 		Neuron ID , del (423 ,  0.000000) 
		Output Weights 0: 0.530000 1: -0.074000 
		Input Weights 0: 0.000000 
		 Output 0.000000 
 
 		Neuron ID , del (424 ,  0.000000) 
		Output Weights 0: -0.888786 1: -0.540943 
		Input Weights 0: 0.000000 
		 Output 0.000000 
 
 		Neuron ID , del (425 ,  0.000000) 
		Output Weights 0: -1.062698 1: -0.021020 
		Input Weights 0: 0.000000 
		 Output 0.000000 
 
 		Neuron ID , del (426 ,  0.000000) 
		Output Weights 0: 0.386000 1: 0.596000 
		Input Weights 0: 0.000000 
		 Output 0.000000 
 
 		Neuron ID , del (427 ,  0.000000) 
		Output Weights 0: 0.484000 1: -0.526000 
		Input Weights 0: 0.000000 
		 Output 0.000000 
 
 		Neuron ID , del (428 ,  0.000000) 
		Output Weights 0: -0.976000 1: -0.782000 
		Input Weights 0: 0.000000 
		 Output 0.000000 
 
 		Neuron ID , del (429 ,  0.000000) 
		Output Weights 0: -0.396000 1: -0.652000 
		Input Weights 0: 0.000000 
		 Output 0.000000 
 
 		Neuron ID , del (430 ,  0.000000) 
		Output Weights 0: -0.988000 1: 0.758000 
		Input Weights 0: 0.000000 
		 Output 0.000000 
 
 		Neuron ID , del (431 ,  0.000000) 
		Output Weights 0: -0.174000 1: 0.056000 
		Input Weights 0: 0.000000 
		 Output 0.000000 
 
 		Neuron ID , del (432 ,  0.000000) 
		Output Weights 0: 0.582000 1: 0.896000 
		Input Weights 0: 0.000000 
		 Output 0.000000 
 
 		Neuron ID , del (433 ,  0.000000) 
		Output Weights 0: 0.032000 1: 0.058000 
		Input Weights 0: 0.000000 
		 Output 0.000000 
 
 		Neuron ID , del (434 ,  0.000000) 
		Output Weights 0: -1.960862 1: -0.601583 
		Input Weights 0: 0.000000 
		 Output 0.000000 
 
 		Neuron ID , del (435 ,  0.000000) 
		Output Weights 0: 0.072000 1: 0.348000 
		Input Weights 0: 0.000000 
		 Output 0.000000 
 
 		Neuron ID , del (436 ,  0.000000) 
		Output Weights 0: -0.978000 1: 0.106000 
		Input Weights 0: 0.000000 
		 Output 0.000000 
 
 		Neuron ID , del (437 ,  0.000000) 
		Output Weights 0: 0.082000 1: 0.392000 
		Input Weights 0: 0.000000 
		 Output 0.000000 
 
 		Neuron ID , del (438 ,  0.000000) 
		Output Weights 0: 0.742000 1: 0.316000 
		Input Weights 0: 0.000000 
		 Output 0.000000 
 
 		Neuron ID , del (439 ,  0.000000) 
		Output Weights 0: -0.682000 1: -0.890000 
		Input Weights 0: 0.000000 
		 Output 0.000000 
 
 		Neuron ID , del (440 ,  0.000000) 
		Output Weights 0: -0.522000 1: 0.102000 
		Input Weights 0: 0.000000 
		 Output 0.000000 
 
 		Neuron ID , del (441 ,  0.000000) 
		Output Weights 0: 0.082000 1: 0.864000 
		Input Weights 0: 0.000000 
		 Output 0.000000 
 
 		Neuron ID , del (442 ,  0.000000) 
		Output Weights 0: -0.302000 1: 0.270000 
		Input Weights 0: 0.000000 
		 Output 0.000000 
 
 		Neuron ID , del (443 ,  0.000000) 
		Output Weights 0: -0.662000 1: -0.278000 
		Input Weights 0: 0.000000 
		 Output 0.000000 
 
 		Neuron ID , del (444 ,  0.000000) 
		Output Weights 0: 2.815627 1: 0.649633 
		Input Weights 0: 0.000000 
		 Output 0.000000 
 
 		Neuron ID , del (445 ,  0.000000) 
		Output Weights 0: 0.072000 1: -0.090000 
		Input Weights 0: 0.000000 
		 Output 0.000000 
 
 		Neuron ID , del (446 ,  0.000000) 
		Output Weights 0: -0.890000 1: -0.398000 
		Input Weights 0: 0.000000 
		 Output 0.000000 
 
 		Neuron ID , del (447 ,  0.000000) 
		Output Weights 0: 0.718579 1: 0.692037 
		Input Weights 0: 0.000000 
		 Output 0.000000 
 
 		Neuron ID , del (448 ,  0.000000) 
		Output Weights 0: 0.137593 1: 0.009930 
		Input Weights 0: 0.000000 
		 Output 0.000000 
 
 		Neuron ID , del (449 ,  0.000000) 
		Output Weights 0: 1.190602 1: 0.637639 
		Input Weights 0: 0.000000 
		 Output 0.000000 
 
 		Neuron ID , del (450 ,  0.000000) 
		Output Weights 0: 2.267399 1: -0.460543 
		Input Weights 0: 0.000000 
		 Output 0.000000 
 
 		Neuron ID , del (451 ,  0.000000) 
		Output Weights 0: -0.016000 1: -0.886000 
		Input Weights 0: 0.000000 
		 Output 0.000000 
 
 		Neuron ID , del (452 ,  0.000000) 
		Output Weights 0: 1.095099 1: -0.229478 
		Input Weights 0: 0.000000 
		 Output 0.000000 
 
 		Neuron ID , del (453 ,  0.000000) 
		Output Weights 0: -0.740689 1: -0.916289 
		Input Weights 0: 0.000000 
		 Output 0.000000 
 
 		Neuron ID , del (454 ,  0.000000) 
		Output Weights 0: -0.208000 1: 0.234000 
		Input Weights 0: 0.000000 
		 Output 0.000000 
 
 		Neuron ID , del (455 ,  0.000000) 
		Output Weights 0: -0.106000 1: 0.270000 
		Input Weights 0: 0.000000 
		 Output 0.000000 
 
 		Neuron ID , del (456 ,  0.000000) 
		Output Weights 0: 1.450301 1: -0.315454 
		Input Weights 0: 0.000000 
		 Output 0.000000 
 
 		Neuron ID , del (457 ,  0.000000) 
		Output Weights 0: 0.838000 1: 0.036000 
		Input Weights 0: 0.000000 
		 Output 0.000000 
 
 		Neuron ID , del (458 ,  0.000000) 
		Output Weights 0: 1.344201 1: -0.803960 
		Input Weights 0: 0.000000 
		 Output 0.000000 
 
 		Neuron ID , del (459 ,  0.000000) 
		Output Weights 0: 0.758000 1: -0.154000 
		Input Weights 0: 0.000000 
		 Output 0.000000 
 
 		Neuron ID , del (460 ,  0.000000) 
		Output Weights 0: 2.784110 1: 0.534820 
		Input Weights 0: 0.000000 
		 Output 0.000000 
 
 		Neuron ID , del (461 ,  0.000000) 
		Output Weights 0: 0.965887 1: -0.299009 
		Input Weights 0: 0.000000 
		 Output 0.000000 
 
 		Neuron ID , del (462 ,  0.000000) 
		Output Weights 0: -0.160000 1: -0.572000 
		Input Weights 0: 0.000000 
		 Output 0.000000 
 
 		Neuron ID , del (463 ,  0.000000) 
		Output Weights 0: -0.668000 1: -0.958000 
		Input Weights 0: 0.000000 
		 Output 0.000000 
 
 		Neuron ID , del (464 ,  0.000000) 
		Output Weights 0: -0.882060 1: 0.794399 
		Input Weights 0: 0.000000 
		 Output 0.000000 
 
 		Neuron ID , del (465 ,  0.000000) 
		Output Weights 0: 3.940526 1: -0.714743 
		Input Weights 0: 0.000000 
		 Output 0.000000 
 
 		Neuron ID , del (466 ,  0.000000) 
		Output Weights 0: 0.016000 1: 0.368000 
		Input Weights 0: 0.000000 
		 Output 0.000000 
 
 		Neuron ID , del (467 ,  0.000000) 
		Output Weights 0: -2.169122 1: -0.343779 
		Input Weights 0: 0.000000 
		 Output 0.000000 
 
 		Neuron ID , del (468 ,  0.000000) 
		Output Weights 0: -0.158000 1: 0.956000 
		Input Weights 0: 0.000000 
		 Output 0.000000 
 
 		Neuron ID , del (469 ,  0.000000) 
		Output Weights 0: 0.434000 1: 0.634000 
		Input Weights 0: 0.000000 
		 Output 0.000000 
 
 		Neuron ID , del (470 ,  0.000000) 
		Output Weights 0: -1.925194 1: -0.663228 
		Input Weights 0: 0.000000 
		 Output 0.000000 
 
 		Neuron ID , del (471 ,  0.000000) 
		Output Weights 0: 0.608000 1: 0.526000 
		Input Weights 0: 0.000000 
		 Output 0.000000 
 
 		Neuron ID , del (472 ,  0.000000) 
		Output Weights 0: 0.134862 1: 0.448341 
		Input Weights 0: 0.000000 
		 Output 0.000000 
 
 		Neuron ID , del (473 ,  0.000000) 
		Output Weights 0: 2.380301 1: 0.666546 
		Input Weights 0: 0.000000 
		 Output 0.000000 
 
 		Neuron ID , del (474 ,  0.000000) 
		Output Weights 0: 0.626000 1: 0.730000 
		Input Weights 0: 0.000000 
		 Output 0.000000 
 
 		Neuron ID , del (475 ,  0.000000) 
		Output Weights 0: -0.490000 1: -0.140000 
		Input Weights 0: 0.000000 
		 Output 0.000000 
 
 		Neuron ID , del (476 ,  0.000000) 
		Output Weights 0: 0.264000 1: -0.030000 
		Input Weights 0: 0.000000 
		 Output 0.000000 
 
 		Neuron ID , del (477 ,  0.000000) 
		Output Weights 0: 3.199006 1: 0.168909 
		Input Weights 0: 0.000000 
		 Output 0.000000 
 
 		Neuron ID , del (478 ,  0.000000) 
		Output Weights 0: 0.269638 1: -0.454587 
		Input Weights 0: 0.000000 
		 Output 0.000000 
 
 		Neuron ID , del (479 ,  0.000000) 
		Output Weights 0: -0.148000 1: -0.766000 
		Input Weights 0: 0.000000 
		 Output 0.000000 
 
 		Neuron ID , del (480 ,  0.000000) 
		Output Weights 0: 0.026000 1: 0.940000 
		Input Weights 0: 0.000000 
		 Output 0.000000 
 
 		Neuron ID , del (481 ,  0.000000) 
		Output Weights 0: 0.105093 1: -0.798855 
		Input Weights 0: 0.000000 
		 Output 0.000000 
 
 		Neuron ID , del (482 ,  0.000000) 
		Output Weights 0: 0.308000 1: -0.094000 
		Input Weights 0: 0.000000 
		 Output 0.000000 
 
 		Neuron ID , del (483 ,  0.000000) 
		Output Weights 0: 0.398000 1: -0.146000 
		Input Weights 0: 0.000000 
		 Output 0.000000 
 
 		Neuron ID , del (484 ,  0.000000) 
		Output Weights 0: -0.138000 1: -0.168000 
		Input Weights 0: 0.000000 
		 Output 0.000000 
 
 		Neuron ID , del (485 ,  0.000000) 
		Output Weights 0: -0.510000 1: -0.948000 
		Input Weights 0: 0.000000 
		 Output 0.000000 
 
 		Neuron ID , del (486 ,  0.000000) 
		Output Weights 0: 0.162000 1: -0.902000 
		Input Weights 0: 0.000000 
		 Output 0.000000 
 
 		Neuron ID , del (487 ,  0.000000) 
		Output Weights 0: -0.716000 1: -0.126000 
		Input Weights 0: 0.000000 
		 Output 0.000000 
 
 		Neuron ID , del (488 ,  0.000000) 
		Output Weights 0: 3.177950 1: 0.553644 
		Input Weights 0: 0.000000 
		 Output 0.000000 
 
 		Neuron ID , del (489 ,  0.000000) 
		Output Weights 0: -0.462000 1: -0.420000 
		Input Weights 0: 0.000000 
		 Output 0.000000 
 
 		Neuron ID , del (490 ,  0.000000) 
		Output Weights 0: 0.280000 1: 0.752000 
		Input Weights 0: 0.000000 
		 Output 0.000000 
 
 		Neuron ID , del (491 ,  0.000000) 
		Output Weights 0: 0.841263 1: 0.253332 
		Input Weights 0: 0.000000 
		 Output 0.000000 
 
 		Neuron ID , del (492 ,  0.000000) 
		Output Weights 0: -0.205100 1: -0.051996 
		Input Weights 0: 0.000000 
		 Output 0.000000 
 
 		Neuron ID , del (493 ,  0.000000) 
		Output Weights 0: -0.236000 1: -0.174000 
		Input Weights 0: 0.000000 
		 Output 0.000000 
 
 		Neuron ID , del (494 ,  0.000000) 
		Output Weights 0: 1.135128 1: -0.679118 
		Input Weights 0: 0.000000 
		 Output 0.000000 
 
 		Neuron ID , del (495 ,  0.000000) 
		Output Weights 0: 0.764000 1: -0.498000 
		Input Weights 0: 0.000000 
		 Output 0.000000 
 
 		Neuron ID , del (496 ,  0.000000) 
		Output Weights 0: -0.740000 1: -0.074000 
		Input Weights 0: 0.000000 
		 Output 0.000000 
 
 		Neuron ID , del (497 ,  0.000000) 
		Output Weights 0: -0.454000 1: 0.568000 
		Input Weights 0: 0.000000 
		 Output 0.000000 
 
 		Neuron ID , del (498 ,  0.000000) 
		Output Weights 0: -0.462000 1: 0.944000 
		Input Weights 0: 0.000000 
		 Output 0.000000 
 
 		Neuron ID , del (499 ,  0.000000) 
		Output Weights 0: 0.128000 1: 0.400000 
		Input Weights 0: 0.000000 
		 Output 0.000000 
 
 		Neuron ID , del (500 ,  0.000000) 
		Output Weights 0: 0.480000 1: 0.618000 
		Input Weights 0: 0.000000 
		 Output 0.000000 
 
 		Neuron ID , del (501 ,  0.000000) 
		Output Weights 0: -0.842000 1: -0.358000 
		Input Weights 0: 0.000000 
		 Output 0.000000 
 
 		Neuron ID , del (502 ,  0.000000) 
		Output Weights 0: -0.580000 1: 0.146000 
		Input Weights 0: 0.000000 
		 Output 0.000000 
 
 		Neuron ID , del (503 ,  0.000000) 
		Output Weights 0: -0.778000 1: -0.328000 
		Input Weights 0: 0.000000 
		 Output 0.000000 
 
 		Neuron ID , del (504 ,  0.000000) 
		Output Weights 0: 0.400000 1: -0.240000 
		Input Weights 0: 0.000000 
		 Output 0.000000 
 
 		Neuron ID , del (505 ,  0.000000) 
		Output Weights 0: 1.380858 1: 0.386106 
		Input Weights 0: 0.000000 
		 Output 0.000000 
 
 		Neuron ID , del (506 ,  0.000000) 
		Output Weights 0: -0.488000 1: -0.306000 
		Input Weights 0: 0.000000 
		 Output 0.000000 
 
 		Neuron ID , del (507 ,  0.000000) 
		Output Weights 0: -3.677123 1: 0.938058 
		Input Weights 0: 0.000000 
		 Output 0.000000 
 
 		Neuron ID , del (508 ,  0.000000) 
		Output Weights 0: -0.662000 1: -0.896000 
		Input Weights 0: 0.000000 
		 Output 0.000000 
 
 		Neuron ID , del (509 ,  0.000000) 
		Output Weights 0: 0.468000 1: 0.816000 
		Input Weights 0: 0.000000 
		 Output 0.000000 
 
 		Neuron ID , del (510 ,  0.000000) 
		Output Weights 0: -0.576000 1: 0.938000 
		Input Weights 0: 0.000000 
		 Output 0.000000 
 
 		Neuron ID , del (511 ,  0.000000) 
		Output Weights 0: 0.022000 1: -0.314000 
		Input Weights 0: 0.000000 
		 Output 0.000000 
 
 		Neuron ID , del (512 ,  0.000000) 
		Output Weights 0: 0.568000 1: 0.568000 
		Input Weights 0: 0.000000 
		 Output 0.000000 
 
 		Neuron ID , del (513 ,  0.000000) 
		Output Weights 0: -0.193343 1: -0.877101 
		Input Weights 0: 0.000000 
		 Output 0.000000 
 
 		Neuron ID , del (514 ,  0.000000) 
		Output Weights 0: -0.784000 1: -0.914000 
		Input Weights 0: 0.000000 
		 Output 0.000000 
 
 		Neuron ID , del (515 ,  0.000000) 
		Output Weights 0: 0.508000 1: 0.698000 
		Input Weights 0: 0.000000 
		 Output 0.000000 
 
 		Neuron ID , del (516 ,  0.000000) 
		Output Weights 0: -0.592000 1: -0.630000 
		Input Weights 0: 0.000000 
		 Output 0.000000 
 
 		Neuron ID , del (517 ,  0.000000) 
		Output Weights 0: 0.044000 1: -0.170000 
		Input Weights 0: 0.000000 
		 Output 0.000000 
 
 		Neuron ID , del (518 ,  0.000000) 
		Output Weights 0: 0.516000 1: 0.266000 
		Input Weights 0: 0.000000 
		 Output 0.000000 
 
 		Neuron ID , del (519 ,  0.000000) 
		Output Weights 0: -0.794000 1: 0.620000 
		Input Weights 0: 0.000000 
		 Output 0.000000 
 
 		Neuron ID , del (520 ,  0.000000) 
		Output Weights 0: -0.423614 1: 0.460771 
		Input Weights 0: 0.000000 
		 Output 0.000000 
 
 		Neuron ID , del (521 ,  0.000000) 
		Output Weights 0: 0.006000 1: 0.946000 
		Input Weights 0: 0.000000 
		 Output 0.000000 
 
 		Neuron ID , del (522 ,  0.000000) 
		Output Weights 0: -0.144000 1: -0.654000 
		Input Weights 0: 0.000000 
		 Output 0.000000 
 
 		Neuron ID , del (523 ,  0.000000) 
		Output Weights 0: 2.681868 1: 0.216378 
		Input Weights 0: 0.000000 
		 Output 0.000000 
 
 		Neuron ID , del (524 ,  0.000000) 
		Output Weights 0: -0.550000 1: -0.942000 
		Input Weights 0: 0.000000 
		 Output 0.000000 
 
 		Neuron ID , del (525 ,  0.000000) 
		Output Weights 0: 0.716000 1: -0.124000 
		Input Weights 0: 0.000000 
		 Output 0.000000 
 
 		Neuron ID , del (526 ,  0.000000) 
		Output Weights 0: 0.996000 1: -0.262000 
		Input Weights 0: 0.000000 
		 Output 0.000000 
 
 		Neuron ID , del (527 ,  0.000000) 
		Output Weights 0: 0.562000 1: -0.730000 
		Input Weights 0: 0.000000 
		 Output 0.000000 
 
 		Neuron ID , del (528 ,  0.000000) 
		Output Weights 0: 1.374592 1: -0.473603 
		Input Weights 0: 0.000000 
		 Output 0.000000 
 
 		Neuron ID , del (529 ,  0.000000) 
		Output Weights 0: -0.624000 1: 0.228000 
		Input Weights 0: 0.000000 
		 Output 0.000000 
 
 		Neuron ID , del (530 ,  0.000000) 
		Output Weights 0: 0.312000 1: -0.412000 
		Input Weights 0: 0.000000 
		 Output 0.000000 
