6 mean:66.002845 max:0.766169
(0.601605,)
12 mean:60.157004 max:0.757706
(0.368129,)
18 mean:50.045237 max:0.707977
(0.112458,)
24 mean:47.747835 max:0.697971
(0.0773559,)
30 mean:46.917586 max:0.696397
(0.0533128,)
36 mean:46.507176 max:0.696771
(0.0376113,)
42 mean:46.265587 max:0.697664
(0.0276182,)
48 mean:45.973193 max:0.701450
(0.0202008,)
54 mean:45.368376 max:0.728613
(0.0141208,)
60 mean:45.427188 max:0.945628
(0.0573912,)
66 mean:1.201552 max:0.032063
(0.0471155,)
72 mean:0.681834 max:0.018485
(0.0393214,)
78 mean:0.483994 max:0.014811
(0.0341852,)
84 mean:0.375052 max:0.012194
(0.0305665,)
90 mean:0.305736 max:0.010259
(0.0278545,)
96 mean:0.257737 max:0.008797
(0.0257308,)
102 mean:0.222550 max:0.007668
(0.0240131,)
108 mean:0.195671 max:0.006777
(0.0225887,)
114 mean:0.174481 max:0.006059
(0.021384,)
120 mean:0.157358 max:0.005471
(0.0203486,)
126 mean:0.143239 max:0.004981
(0.0194468,)
132 mean:0.131404 max:0.004567
(0.0186525,)
138 mean:0.121343 max:0.004214
(0.017946,)
144 mean:0.112687 max:0.003909
(0.0173126,)
150 mean:0.105163 max:0.003643
(0.0167406,)
Training Done Error 0.099608 
Total steps : 155


Training Done!
Generating validation inputs 
Accuracy  on Trained % is : 100
Accuracy  % is : 100
	Layer ID 2 
		Neuron ID , del (9 ,  -0.000261) 
		Output Weights 
		Input Weights 0: 4.224569 1: 8.585732 2: 9.002810 3: -9.117360 
		 Output 0.981776 
 
 

	Layer ID 1 
		Neuron ID , del (0 ,  -0.000032) 
		Output Weights 0: 8.585732 
		Input Weights 0: -2.655942 1: 8.533499 2: -8.467287 3: -0.055542 4: -0.053840 5: 0.534979 6: 0.087165 
		 Output 0.974926 
 
 		Neuron ID , del (1 ,  -0.000000) 
		Output Weights 0: 9.002810 
		Input Weights 0: -2.515049 1: 1.845527 2: 2.099193 3: 0.566055 4: 0.267150 5: -8.798953 6: 0.640835 
		 Output 0.000146 
 
 		Neuron ID , del (2 ,  0.000000) 
		Output Weights 0: -9.117360 
		Input Weights 0: 5.605192 1: 6.193419 2: -5.873288 3: 0.235886 4: 0.057518 5: 0.200400 6: 0.275964 
		 Output 0.017611 
 
 

	Layer ID 0 
		Neuron ID , del (3 ,  0.000000) 
		Output Weights 0: 8.533499 1: 1.845527 2: 6.193419 
		Input Weights 0: 0.000000 
		 Output 1.000000 
 
 		Neuron ID , del (4 ,  -0.000544) 
		Output Weights 0: -8.467287 1: 2.099193 2: -5.873288 
		Input Weights 0: 0.000000 
		 Output 1.000000 
 
 		Neuron ID , del (5 ,  0.000000) 
		Output Weights 0: -0.055542 1: 0.566055 2: 0.235886 
		Input Weights 0: 0.000000 
		 Output 2.000000 
 
 		Neuron ID , del (6 ,  -0.000003) 
		Output Weights 0: -0.053840 1: 0.267150 2: 0.057518 
		Input Weights 0: 0.000000 
		 Output 2.000000 
 
 		Neuron ID , del (7 ,  0.000103) 
		Output Weights 0: 0.534979 1: -8.798953 2: 0.200400 
		Input Weights 0: 0.000000 
		 Output 2.000000 
 
 		Neuron ID , del (8 ,  0.000000) 
		Output Weights 0: 0.087165 1: 0.640835 2: 0.275964 
		Input Weights 0: 0.000000 
		 Output 1.000000 
 
