6 mean:64.626154 max:0.721890
(0.568087,)
12 mean:62.923416 max:0.727579
(0.564838,)
18 mean:62.198761 max:0.731548
(0.558924,)
24 mean:59.615712 max:0.732089
(0.48218,)
30 mean:48.917852 max:0.644472
(0.128299,)
36 mean:46.447236 max:0.630112
(0.0814269,)
42 mean:45.625374 max:0.627469
(0.0567955,)
48 mean:45.188879 max:0.627243
(0.0407036,)
54 mean:44.906454 max:0.628414
(0.0301569,)
60 mean:44.695828 max:0.630729
(0.0233655,)
66 mean:44.641825 max:0.644389
(0.0153401,)
72 mean:44.663800 max:0.684129
(0.00570621,)
78 mean:43.190599 max:0.849593
(0.0330991,)
84 mean:1.057102 max:0.038974
(0.0282952,)
Training Done Error 0.892167 
Total steps : 85


Training Done!
Generating validation inputs 
Accuracy  on Trained % is : 100
Accuracy  % is : 100
	Layer ID 2 
		Neuron ID , del (9 ,  -0.000798) 
		Output Weights 
		Input Weights 0: -3.249080 1: -6.774648 2: 7.012164 3: -7.165493 
		 Output 0.962347 
 
 

	Layer ID 1 
		Neuron ID , del (0 ,  0.000000) 
		Output Weights 0: -6.774648 
		Input Weights 0: 0.901405 1: -1.897913 2: -2.795417 3: -0.448016 4: -0.258572 5: 8.386749 6: -0.391984 
		 Output 0.999915 
 
 		Neuron ID , del (1 ,  -0.000001) 
		Output Weights 0: 7.012164 
		Input Weights 0: -6.226513 1: -5.694949 2: 5.139415 3: 0.004610 4: -0.107782 5: -0.315968 6: -0.461025 
		 Output 0.987527 
 
 		Neuron ID , del (2 ,  0.000120) 
		Output Weights 0: -7.165493 
		Input Weights 0: 2.713405 1: -8.412215 2: 8.315176 3: -0.013205 4: 0.295250 5: -0.720865 6: -0.099137 
		 Output 0.022156 
 
 

	Layer ID 0 
		Neuron ID , del (3 ,  0.000000) 
		Output Weights 0: -1.897913 1: -5.694949 2: -8.412215 
		Input Weights 0: 0.000000 
		 Output 1.000000 
 
 		Neuron ID , del (4 ,  -0.001994) 
		Output Weights 0: -2.795417 1: 5.139415 2: 8.315176 
		Input Weights 0: 0.000000 
		 Output 1.000000 
 
 		Neuron ID , del (5 ,  0.000000) 
		Output Weights 0: -0.448016 1: 0.004610 2: -0.013205 
		Input Weights 0: 0.000000 
		 Output 2.000000 
 
 		Neuron ID , del (6 ,  -0.000071) 
		Output Weights 0: -0.258572 1: -0.107782 2: 0.295250 
		Input Weights 0: 0.000000 
		 Output 2.000000 
 
 		Neuron ID , del (7 ,  0.000519) 
		Output Weights 0: 8.386749 1: -0.315968 2: -0.720865 
		Input Weights 0: 0.000000 
		 Output 2.000000 
 
 		Neuron ID , del (8 ,  0.000000) 
		Output Weights 0: -0.391984 1: -0.461025 2: -0.099137 
		Input Weights 0: 0.000000 
		 Output 1.000000 
 
