6 mean:76.660346 max:0.583687
(0.363202,)
12 mean:76.628336 max:0.579953
(0.365048,)
18 mean:76.612700 max:0.578036
(0.365772,)
24 mean:76.603078 max:0.576918
(0.366022,)
30 mean:76.595956 max:0.576180
(0.36605,)
36 mean:76.589926 max:0.575645
(0.365957,)
42 mean:76.584300 max:0.575225
(0.365783,)
48 mean:76.578660 max:0.574870
(0.365541,)
54 mean:76.572690 max:0.574657
(0.365234,)
60 mean:76.566091 max:0.574521
(0.364853,)
66 mean:76.558541 max:0.574414
(0.364382,)
72 mean:76.549654 max:0.574328
(0.363794,)
78 mean:76.538941 max:0.574256
(0.363054,)
84 mean:76.525778 max:0.574192
(0.362112,)
90 mean:76.509369 max:0.574127
(0.3609,)
96 mean:76.488756 max:0.574045
(0.35933,)
102 mean:76.462914 max:0.573923
(0.357307,)
108 mean:76.430997 max:0.573720
(0.354748,)
114 mean:76.392707 max:0.573385
(0.351638,)
120 mean:76.348412 max:0.572863
(0.348085,)
126 mean:76.298451 max:0.576185
(0.344296,)
132 mean:76.241891 max:0.580818
(0.340457,)
138 mean:76.175950 max:0.584422
(0.336599,)
144 mean:76.096160 max:0.586896
(0.332582,)
150 mean:75.995832 max:0.592628
(0.328127,)
156 mean:75.863831 max:0.600647
(0.322745,)
162 mean:75.679578 max:0.609184
(0.315427,)
168 mean:75.402256 max:0.628777
(0.303684,)
174 mean:74.957913 max:0.666342
(0.280692,)
180 mean:74.255489 max:0.716554
(0.235704,)
186 mean:73.277570 max:0.721954
(0.160215,)
192 mean:72.110088 max:0.785349
(0.109704,)
198 mean:71.036265 max:0.772401
(0.0919706,)
204 mean:69.579501 max:0.758560
(0.0533593,)
210 mean:67.898949 max:0.837064
(0.0215978,)
216 mean:66.064690 max:0.663005
(0.0167805,)
222 mean:64.257511 max:0.744401
(0.0154852,)
228 mean:63.045693 max:0.645933
(0.0110508,)
234 mean:62.439243 max:0.713156
(0.00967434,)
240 mean:109.380202 max:0.984750
(0.0206122,)
246 mean:77.259957 max:0.623727
(0.342751,)
252 mean:77.253442 max:0.623614
(0.342807,)
258 mean:77.251024 max:0.623575
(0.342835,)
264 mean:77.249582 max:0.623554
(0.342855,)
270 mean:77.248529 max:0.623541
(0.342872,)
276 mean:77.247666 max:0.623531
(0.342887,)
282 mean:77.246902 max:0.623524
(0.342902,)
288 mean:77.246184 max:0.623518
(0.342917,)
294 mean:77.245479 max:0.623514
(0.342932,)
300 mean:77.244758 max:0.623511
(0.342947,)
306 mean:77.243994 max:0.623508
(0.342964,)
312 mean:77.243161 max:0.623507
(0.342982,)
318 mean:77.242223 max:0.623506
(0.343001,)
324 mean:77.241136 max:0.623507
(0.343023,)
330 mean:77.239837 max:0.623509
(0.343048,)
336 mean:77.238230 max:0.623512
(0.343076,)
342 mean:77.236166 max:0.623518
(0.34311,)
348 mean:77.233385 max:0.623529
(0.343151,)
354 mean:77.229398 max:0.623587
(0.343202,)
360 mean:77.223153 max:0.623832
(0.34327,)
366 mean:77.211932 max:0.624286
(0.343361,)
372 mean:77.187171 max:0.625395
(0.343485,)
378 mean:77.113670 max:0.628787
(0.343862,)
384 mean:76.803533 max:0.637483
(0.330869,)
390 mean:75.680498 max:0.685777
(0.256438,)
396 mean:74.426398 max:0.749693
(0.220862,)
402 mean:71.171283 max:0.764778
(0.125815,)
408 mean:69.147960 max:0.847393
(0.0650036,)
414 mean:65.452878 max:0.826494
(0.0375565,)
420 mean:63.519957 max:0.665843
(0.023865,)
426 mean:86.115423 max:0.940769
(0.335115,)
432 mean:74.904703 max:0.714612
(0.328609,)
438 mean:74.039085 max:0.757126
(0.332411,)
444 mean:73.673775 max:0.775990
(0.339804,)
450 mean:73.553243 max:0.778722
(0.339374,)
456 mean:73.436127 max:0.765723
(0.332191,)
462 mean:73.303525 max:0.724835
(0.323582,)
468 mean:73.171527 max:0.653497
(0.318382,)
474 mean:73.433001 max:0.682871
(0.318295,)
480 mean:73.445636 max:0.629794
(0.315266,)
486 mean:72.938560 max:0.626401
(0.308133,)
492 mean:76.370675 max:0.620636
(0.321476,)
498 mean:75.596602 max:0.620204
(0.325385,)
504 mean:74.422608 max:0.747284
(0.306872,)
510 mean:76.961251 max:0.624557
(0.317766,)
516 mean:76.314637 max:0.635812
(0.269339,)
522 mean:74.037360 max:0.721355
(0.134044,)
528 mean:70.684799 max:0.770456
(0.0631482,)
534 mean:61.184828 max:0.668457
(0.0346043,)
540 mean:48.013286 max:0.915748
(0.0215958,)
546 mean:35.220667 max:0.856962
(0.0234966,)
552 mean:54.405069 max:0.479440
(0.0669365,)
558 mean:69.971301 max:0.975328
(0.343243,)
564 mean:24.670592 max:0.923533
(0.00815545,)
570 mean:40.003757 max:0.805809
(0.012309,)
576 mean:26.975602 max:0.610733
(0.0214372,)
582 mean:73.362932 max:0.997155
(0.00191501,)
Training Done Error 3.021496 
Total steps : 584


Training Done!
Generating validation inputs 
Accuracy  on Trained % is : 98
Accuracy  % is : 95
	Layer ID 4 
		Neuron ID , del (26 ,  -0.000106) 
		Output Weights 
		Input Weights 0: -5.313342 1: -8.193207 2: -2.118086 
		 Output 0.873559 
 
 

	Layer ID 3 
		Neuron ID , del (18 ,  0.000043) 
		Output Weights 0: -8.193207 
		Input Weights 0: -4.555960 1: 2.056308 2: -3.032433 3: -6.119589 4: 1.561917 5: 4.578514 6: 1.982350 
		 Output 0.154737 
 
 		Neuron ID , del (19 ,  0.000000) 
		Output Weights 0: -2.118086 
		Input Weights 0: -0.161140 1: -4.933505 2: 6.938679 3: -1.722565 4: 2.673958 5: -5.322594 6: -4.004552 
		 Output 0.997479 
 
 

	Layer ID 2 
		Neuron ID , del (12 ,  0.000000) 
		Output Weights 0: 2.056308 1: -4.933505 
		Input Weights 0: -0.342002 1: 2.524397 2: -3.019486 3: -0.312689 4: 1.808345 5: -2.433215 6: -2.256675 7: 1.633559 8: 0.741301 9: -1.494815 10: 0.833052 11: -1.759519 12: -1.327296 
		 Output 0.014435 
 
 		Neuron ID , del (13 ,  -0.000000) 
		Output Weights 0: -3.032433 1: 6.938679 
		Input Weights 0: 0.574314 1: -2.271403 2: 4.214708 3: 2.714746 4: -2.746714 5: 2.762633 6: 1.180966 7: -3.267967 8: -0.732374 9: 1.991349 10: -2.204114 11: 4.776964 12: 2.754678 
		 Output 0.903282 
 
 		Neuron ID , del (14 ,  -0.000002) 
		Output Weights 0: -6.119589 1: -1.722565 
		Input Weights 0: -1.651768 1: 2.361988 2: -5.002222 3: -2.314227 4: 2.571766 5: -4.145483 6: 0.041524 7: 4.384314 8: -0.394408 9: 2.596401 10: 1.680865 11: -6.515721 12: -4.212084 
		 Output 0.952929 
 
 		Neuron ID , del (15 ,  0.000006) 
		Output Weights 0: 1.561917 1: 2.673958 
		Input Weights 0: -0.307323 1: -1.811149 2: 1.050269 3: 0.724300 4: -0.630174 5: 0.214489 6: 1.778496 7: -0.848162 8: -1.407390 9: 1.432758 10: -0.446494 11: -0.387971 12: -0.102493 
		 Output 0.906782 
 
 		Neuron ID , del (16 ,  0.000000) 
		Output Weights 0: 4.578514 1: -5.322594 
		Input Weights 0: -0.253671 1: 1.439151 2: -3.755341 3: -1.752336 4: 2.134226 5: -2.766870 6: -1.321823 7: 3.022991 8: 0.228367 9: -0.733795 10: 2.125660 11: -4.704586 12: -2.451169 
		 Output 0.152538 
 
 		Neuron ID , del (17 ,  0.000000) 
		Output Weights 0: 1.982350 1: -4.004552 
		Input Weights 0: -0.215265 1: 0.866665 2: -1.310383 3: -0.500663 4: 2.717082 5: -1.782292 6: -0.944194 7: 1.553903 8: 0.807595 9: -0.811104 10: 0.624373 11: -2.540472 12: -1.827476 
		 Output 0.086967 
 
 

	Layer ID 1 
		Neuron ID , del (0 ,  -0.000000) 
		Output Weights 0: 2.524397 1: -2.271403 2: 2.361988 3: -1.811149 4: 1.439151 5: 0.866665 
		Input Weights 0: 5.076004 1: -5.902190 2: 0.025689 3: 2.269792 4: 0.805475 5: -0.067533 6: 2.851467 
		 Output 0.000382 
 
 		Neuron ID , del (1 ,  0.000000) 
		Output Weights 0: -3.019486 1: 4.214708 2: -5.002222 3: 1.050269 4: -3.755341 5: -1.310383 
		Input Weights 0: -5.082689 1: -8.358839 2: 0.938392 3: 0.893326 4: 0.685885 5: 0.286194 6: 0.977455 
		 Output 0.012156 
 
 		Neuron ID , del (2 ,  0.000000) 
		Output Weights 0: -0.312689 1: 2.714746 2: -2.314227 3: 0.724300 4: -1.752336 5: -0.500663 
		Input Weights 0: -1.638798 1: 2.104715 2: -0.602386 3: -1.224074 4: -3.523798 5: -0.187339 6: -1.289959 
		 Output 0.000975 
 
 		Neuron ID , del (3 ,  -0.000000) 
		Output Weights 0: 1.808345 1: -2.746714 2: 2.571766 3: -0.630174 4: 2.134226 5: 2.717082 
		Input Weights 0: 2.016405 1: -0.375480 2: -4.716652 3: -0.001858 4: 2.089728 5: -1.634640 6: 0.301317 
		 Output 0.000001 
 
 		Neuron ID , del (4 ,  0.000001) 
		Output Weights 0: -2.433215 1: 2.762633 2: -4.145483 3: 0.214489 4: -2.766870 5: -1.782292 
		Input Weights 0: -1.432739 1: 0.833843 2: 1.163007 3: 1.843343 4: 0.813434 5: -8.917519 6: 1.560800 
		 Output 0.989505 
 
 		Neuron ID , del (5 ,  0.000000) 
		Output Weights 0: -2.256675 1: 1.180966 2: 0.041524 3: 1.778496 4: -1.321823 5: -0.944194 
		Input Weights 0: -3.227863 1: -0.164749 2: -0.261134 3: 0.981785 4: 0.232819 5: 0.413283 6: -1.021601 
		 Output 0.980845 
 
 		Neuron ID , del (6 ,  -0.000000) 
		Output Weights 0: 1.633559 1: -3.267967 2: 4.384314 3: -0.848162 4: 3.022991 5: 1.553903 
		Input Weights 0: 4.380895 1: -0.548873 2: -0.448536 3: -0.476480 4: 5.606433 5: -0.466155 6: 0.103787 
		 Output 0.955778 
 
 		Neuron ID , del (7 ,  -0.000000) 
		Output Weights 0: 0.741301 1: -0.732374 2: -0.394408 3: -1.407390 4: 0.228367 5: 0.807595 
		Input Weights 0: 3.049440 1: 0.935877 2: -1.514409 3: 1.748817 4: 0.019444 5: -2.162529 6: -0.821648 
		 Output 0.005660 
 
 		Neuron ID , del (8 ,  0.000000) 
		Output Weights 0: -1.494815 1: 1.991349 2: 2.596401 3: 1.432758 4: -0.733795 5: -0.811104 
		Input Weights 0: -4.001679 1: 0.081533 2: 5.503229 3: -2.031477 4: 1.265389 5: 0.797426 6: -2.402370 
		 Output 1.000000 
 
 		Neuron ID , del (9 ,  -0.000001) 
		Output Weights 0: 0.833052 1: -2.204114 2: 1.680865 3: -0.446494 4: 2.125660 5: 0.624373 
		Input Weights 0: 1.393666 1: 0.074755 2: 1.105902 3: 1.855017 4: -1.685507 5: -0.562608 6: 2.318432 
		 Output 0.984759 
 
 		Neuron ID , del (10 ,  0.000000) 
		Output Weights 0: -1.759519 1: 4.776964 2: -6.515721 3: -0.387971 4: -4.704586 5: -2.540472 
		Input Weights 0: -15.095559 1: -0.084759 2: -0.391304 3: -4.354607 4: -0.364067 5: -0.299666 6: -4.198428 
		 Output 0.454299 
 
 		Neuron ID , del (11 ,  0.000001) 
		Output Weights 0: -1.327296 1: 2.754678 2: -4.212084 3: -0.102493 4: -2.451169 5: -1.827476 
		Input Weights 0: -8.024077 1: 0.319315 2: -5.648107 3: -0.667621 4: -0.147175 5: 0.409382 6: -0.275301 
		 Output 0.000057 
 
 

	Layer ID 0 
		Neuron ID , del (20 ,  -0.000004) 
		Output Weights 0: -5.902190 1: -8.358839 2: 2.104715 3: -0.375480 4: 0.833843 5: -0.164749 6: -0.548873 7: 0.935877 8: 0.081533 9: 0.074755 10: -0.084759 11: 0.319315 
		Input Weights 0: 0.000000 
		 Output 2.000000 
 
 		Neuron ID , del (21 ,  0.000000) 
		Output Weights 0: 0.025689 1: 0.938392 2: -0.602386 3: -4.716652 4: 1.163007 5: -0.261134 6: -0.448536 7: -1.514409 8: 5.503229 9: 1.105902 10: -0.391304 11: -5.648107 
		Input Weights 0: 0.000000 
		 Output 3.000000 
 
 		Neuron ID , del (22 ,  0.000000) 
		Output Weights 0: 2.269792 1: 0.893326 2: -1.224074 3: -0.001858 4: 1.843343 5: 0.981785 6: -0.476480 7: 1.748817 8: -2.031477 9: 1.855017 10: -4.354607 11: -0.667621 
		Input Weights 0: 0.000000 
		 Output 2.000000 
 
 		Neuron ID , del (23 ,  -0.000007) 
		Output Weights 0: 0.805475 1: 0.685885 2: -3.523798 3: 2.089728 4: 0.813434 5: 0.232819 6: 5.606433 7: 0.019444 8: 1.265389 9: -1.685507 10: -0.364067 11: -0.147175 
		Input Weights 0: 0.000000 
		 Output 2.000000 
 
 		Neuron ID , del (24 ,  0.000000) 
		Output Weights 0: -0.067533 1: 0.286194 2: -0.187339 3: -1.634640 4: -8.917519 5: 0.413283 6: -0.466155 7: -2.162529 8: 0.797426 9: -0.562608 10: -0.299666 11: 0.409382 
		Input Weights 0: 0.000000 
		 Output 1.000000 
 
 		Neuron ID , del (25 ,  0.000000) 
		Output Weights 0: 2.851467 1: 0.977455 2: -1.289959 3: 0.301317 4: 1.560800 5: -1.021601 6: 0.103787 7: -0.821648 8: -2.402370 9: 2.318432 10: -4.198428 11: -0.275301 
		Input Weights 0: 0.000000 
		 Output 1.000000 
 
 
