 Result : (0.997769,0.997604,)Accuracy  on Trained % is : 98

---------------------------0    2
Expected: (0,1,)
 Result : (0.0396167,0.997587,)
---------------------------1    2
Expected: (0,1,)
 Result : (0.149518,0.987787,)
---------------------------2    2
Expected: (0,1,)
 Result : (0.0396167,0.997587,)
---------------------------3    2
Expected: (0,1,)
 Result : (0.912702,0.984694,)
---------------------------4    2
Expected: (1,1,)
 Result : (0.976267,0.999318,)
---------------------------5    2
Expected: (0,1,)
 Result : (0.0396167,0.997587,)
---------------------------6    2
Expected: (0,1,)
 Result : (0.0396167,0.997587,)
---------------------------7    2
Expected: (0,1,)
 Result : (0.0396167,0.997587,)
---------------------------8    2
Expected: (0,1,)
 Result : (0.0396167,0.997587,)
---------------------------9    2
Expected: (1,1,)
 Result : (0.256131,0.998383,)
---------------------------10    2
Expected: (0,1,)
 Result : (0.127192,0.997333,)
---------------------------11    2
Expected: (0,1,)
 Result : (0.0396167,0.997587,)
---------------------------12    2
Expected: (0,1,)
 Result : (0.0396167,0.997587,)
---------------------------13    2
Expected: (1,1,)
 Result : (0.805041,0.999452,)
---------------------------14    2
Expected: (1,1,)
 Result : (0.909834,0.999346,)
---------------------------15    2
Expected: (1,1,)
 Result : (0.0133182,0.999129,)
---------------------------16    2
Expected: (1,1,)
 Result : (0.963873,0.998459,)
---------------------------17    2
Expected: (0,1,)
 Result : (0.000185338,0.999739,)
---------------------------18    2
Expected: (0,1,)
 Result : (0.0396167,0.997587,)
---------------------------19    2
Expected: (1,1,)
 Result : (0.999692,0.999144,)
---------------------------20    2
Expected: (1,1,)
 Result : (0.928863,0.998528,)
---------------------------21    2
Expected: (0,1,)
 Result : (0.36107,0.99649,)
---------------------------22    2
Expected: (0,1,)
 Result : (0.0396167,0.997587,)
---------------------------23    2
Expected: (1,1,)
 Result : (0.7504,0.998673,)
---------------------------24    2
Expected: (0,1,)
 Result : (0.00136968,0.998403,)
---------------------------25    2
Expected: (1,1,)
 Result : (0.997547,0.995447,)
---------------------------26    2
Expected: (0,1,)
 Result : (0.233074,0.998891,)
---------------------------27    2
Expected: (0,1,)
 Result : (0.0396167,0.997587,)
---------------------------28    2
Expected: (0,1,)
 Result : (0.0396167,0.997587,)
---------------------------29    2
Expected: (0,1,)
 Result : (0.0396167,0.997587,)
---------------------------30    2
Expected: (0,1,)
 Result : (0.0396167,0.997587,)
---------------------------31    2
Expected: (0,1,)
 Result : (0.0396167,0.997587,)
---------------------------32    2
Expected: (0,1,)
 Result : (0.0396167,0.997587,)
---------------------------33    2
Expected: (0,1,)
 Result : (0.0396167,0.997587,)
---------------------------34    2
Expected: (0,1,)
 Result : (0.0396167,0.997587,)
---------------------------35    2
Expected: (0,1,)
 Result : (0.089305,0.999076,)
---------------------------36    2
Expected: (1,1,)
 Result : (0.665034,0.999368,)
---------------------------37    2
Expected: (0,1,)
 Result : (0.0396167,0.997587,)
---------------------------38    2
Expected: (0,1,)
 Result : (0.180336,0.998253,)
---------------------------39    2
Expected: (1,1,)
 Result : (0.00526889,0.998155,)
---------------------------40    2
Expected: (0,1,)
 Result : (0.0396167,0.997587,)
---------------------------41    2
Expected: (0,1,)
 Result : (0.132555,0.999524,)
---------------------------42    2
Expected: (0,1,)
 Result : (0.0396167,0.997587,)
---------------------------43    2
Expected: (0,1,)
 Result : (0.000994835,0.999148,)
---------------------------44    2
Expected: (0,1,)
 Result : (0.0275571,0.999313,)
---------------------------45    2
Expected: (0,1,)
 Result : (0.0275571,0.999313,)
---------------------------46    2
Expected: (0,1,)
 Result : (0.283642,0.999381,)
---------------------------47    2
Expected: (0,1,)
 Result : (0.0396167,0.997587,)
---------------------------48    2
Expected: (0,1,)
 Result : (0.0396167,0.997587,)
---------------------------49    2
Expected: (1,1,)
 Result : (0.999023,0.998718,)
---------------------------50    2
Expected: (0,1,)
 Result : (0.633786,0.999126,)
---------------------------51    2
Expected: (0,1,)
 Result : (0.0396167,0.997587,)
---------------------------52    2
Expected: (0,1,)
 Result : (0.998535,0.999388,)
---------------------------53    2
Expected: (1,1,)
 Result : (0.0864492,0.999701,)
---------------------------54    2
Expected: (1,1,)
 Result : (0.993472,0.997407,)
---------------------------55    2
Expected: (1,1,)
 Result : (0.992735,0.999082,)
---------------------------56    2
Expected: (0,1,)
 Result : (0.390578,0.99945,)
---------------------------57    2
Expected: (1,1,)
 Result : (0.988712,0.999378,)
---------------------------58    2
Expected: (1,1,)
 Result : (0.0484603,0.999895,)
---------------------------59    2
Expected: (1,1,)
 Result : (0.972338,0.997418,)
---------------------------60    2
Expected: (0,1,)
 Result : (0.0396167,0.997587,)
---------------------------61    2
Expected: (0,1,)
 Result : (0.0124973,0.999118,)
---------------------------62    2
Expected: (0,1,)
 Result : (0.0396167,0.997587,)
---------------------------63    2
Expected: (1,1,)
 Result : (0.972475,0.999284,)
---------------------------64    2
Expected: (0,1,)
 Result : (0.196946,0.98944,)
---------------------------65    2
Expected: (0,1,)
 Result : (0.0396167,0.997587,)
---------------------------66    2
Expected: (1,1,)
 Result : (0.999978,0.999623,)
---------------------------67    2
Expected: (0,1,)
 Result : (0.0396167,0.997587,)
---------------------------68    2
Expected: (0,1,)
 Result : (0.00112767,0.999195,)
---------------------------69    2
Expected: (0,1,)
 Result : (0.0396167,0.997587,)
---------------------------70    2
Expected: (1,1,)
 Result : (0.98073,0.998778,)
---------------------------71    2
Expected: (0,1,)
 Result : (0.00431433,0.998446,)
---------------------------72    2
Expected: (0,1,)
 Result : (0.0396167,0.997587,)
---------------------------73    2
Expected: (1,1,)
 Result : (0.938357,0.998634,)
---------------------------74    2
Expected: (1,1,)
 Result : (0.41325,0.997285,)
---------------------------75    2
Expected: (0,1,)
 Result : (0.0396167,0.997587,)
---------------------------76    2
Expected: (0,1,)
 Result : (0.0396167,0.997587,)
---------------------------77    2
Expected: (1,1,)
 Result : (0.937841,0.998632,)
---------------------------78    2
Expected: (1,1,)
 Result : (0.999783,0.999483,)
---------------------------79    2
Expected: (0,1,)
 Result : (0.0396167,0.997587,)
---------------------------80    2
Expected: (0,1,)
 Result : (0.634425,0.984325,)
---------------------------81    2
Expected: (0,1,)
 Result : (0.0206361,0.985273,)
---------------------------82    2
Expected: (0,1,)
 Result : (0.194862,0.993812,)
---------------------------83    2
Expected: (0,1,)
 Result : (0.194862,0.993812,)
---------------------------84    2
Expected: (0,1,)
 Result : (0.901717,0.999265,)
---------------------------85    2
Expected: (0,1,)
 Result : (0.00422084,0.999373,)
---------------------------86    2
Expected: (0,1,)
 Result : (0.0396167,0.997587,)
---------------------------87    2
Expected: (0,1,)
 Result : (0.0396167,0.997587,)
---------------------------88    2
Expected: (1,1,)
 Result : (0.973385,0.996324,)
---------------------------89    2
Expected: (0,1,)
 Result : (0.0396167,0.997587,)
---------------------------90    2
Expected: (0,1,)
 Result : (0.0396167,0.997587,)
---------------------------91    2
Expected: (1,1,)
 Result : (0.985016,0.992578,)
---------------------------92    2
Expected: (0,1,)
 Result : (0.0265744,0.99933,)
---------------------------93    2
Expected: (0,1,)
 Result : (0.0040961,0.998403,)
---------------------------94    2
Expected: (0,1,)
 Result : (0.0428027,0.998257,)
---------------------------95    2
Expected: (0,1,)
 Result : (0.020487,0.99952,)
---------------------------96    2
Expected: (0,1,)
 Result : (0.0140217,0.999648,)
---------------------------97    2
Expected: (0,1,)
 Result : (0.0130322,0.999648,)
---------------------------98    2
Expected: (0,1,)
 Result : (0.0428027,0.998257,)
---------------------------99    2
Expected: (0,1,)
 Result : (0.020487,0.99952,)Accuracy  % is : 83
